[ 2013-05-30T21:39:46+08:00 ] 127.0.0.1 /index.php/admin/Public/left
INFO: [ route_check ] --START--
INFO: Run CheckRoute Behavior [ RunTime:0.001686s ]
INFO: [ route_check ] --END-- [ RunTime:0.001823s ]
INFO: [ app_begin ] --START--
INFO: Run ReadHtmlCache Behavior [ RunTime:0.001276s ]
INFO: [ app_begin ] --END-- [ RunTime:0.001356s ]
INFO: [ view_template ] --START--
INFO: Run LocationTemplate Behavior [ RunTime:0.001274s ]
INFO: [ view_template ] --END-- [ RunTime:0.001368s ]
INFO: [ view_parse ] --START--
INFO: Run ParseTemplate Behavior [ RunTime:0.016103s ]
INFO: [ view_parse ] --END-- [ RunTime:0.016218s ]
INFO: [ view_filter ] --START--
INFO: Run ContentReplace Behavior [ RunTime:0.001193s ]
INFO: Run TokenBuild Behavior [ RunTime:0.001031s ]
INFO: Run WriteHtmlCache Behavior [ RunTime:0.001063s ]
INFO: Run ShowRuntime Behavior [ RunTime:0.001413s ]
INFO: [ view_filter ] --END-- [ RunTime:0.005026s ]
INFO: [ view_end ] --START--
INFO: Run ShowPageTrace Behavior [ RunTime:0.001445s ]
INFO: [ view_end ] --END-- [ RunTime:0.001531s ]

[ 2013-05-30T21:50:26+08:00 ] 127.0.0.1 /index.php/admin/Public/left
INFO: [ route_check ] --START--
INFO: Run CheckRoute Behavior [ RunTime:0.001479s ]
INFO: [ route_check ] --END-- [ RunTime:0.001592s ]
INFO: [ app_begin ] --START--
INFO: Run ReadHtmlCache Behavior [ RunTime:0.001185s ]
INFO: [ app_begin ] --END-- [ RunTime:0.001250s ]
INFO: [ view_template ] --START--
INFO: Run LocationTemplate Behavior [ RunTime:0.001100s ]
INFO: [ view_template ] --END-- [ RunTime:0.001186s ]
INFO: [ view_parse ] --START--
INFO: Run ParseTemplate Behavior [ RunTime:0.014537s ]
INFO: [ view_parse ] --END-- [ RunTime:0.014641s ]
INFO: [ view_filter ] --START--
INFO: Run ContentReplace Behavior [ RunTime:0.001118s ]
INFO: Run TokenBuild Behavior [ RunTime:0.001024s ]
INFO: Run WriteHtmlCache Behavior [ RunTime:0.000910s ]
INFO: Run ShowRuntime Behavior [ RunTime:0.001152s ]
INFO: [ view_filter ] --END-- [ RunTime:0.004388s ]
INFO: [ view_end ] --START--
INFO: Run ShowPageTrace Behavior [ RunTime:0.001281s ]
INFO: [ view_end ] --END-- [ RunTime:0.001344s ]

[ 2013-05-30T21:50:31+08:00 ] ERR: (ThinkException) 无法加载模块:ProductClassify
[ 2013-05-30T21:55:43+08:00 ] ERR: (ThinkException) 无法加载模块:ProductClassify
[ 2013-05-30T21:57:28+08:00 ] 127.0.0.1 /index.php/admin/ProductClassify/index
INFO: [ route_check ] --START--
INFO: Run CheckRoute Behavior [ RunTime:0.000881s ]
INFO: [ route_check ] --END-- [ RunTime:0.000980s ]
INFO: [ app_begin ] --START--
INFO: Run ReadHtmlCache Behavior [ RunTime:0.000567s ]
INFO: [ app_begin ] --END-- [ RunTime:0.000632s ]
SQL: SHOW COLUMNS FROM `shop_productclassify` [ RunTime:0.005530s ]
SQL: SELECT COUNT(*) AS tp_count FROM `shop_productclassify` LIMIT 1   [ RunTime:0.023292s ]
SQL: SELECT * FROM `shop_productclassify` LIMIT 0,25   [ RunTime:0.000430s ]
INFO: [ view_template ] --START--
INFO: Run LocationTemplate Behavior [ RunTime:0.003517s ]
INFO: [ view_template ] --END-- [ RunTime:0.003638s ]
INFO: [ view_parse ] --START--
INFO: Run ParseTemplate Behavior [ RunTime:0.018685s ]
INFO: [ view_parse ] --END-- [ RunTime:0.018811s ]
INFO: [ view_filter ] --START--
INFO: Run ContentReplace Behavior [ RunTime:0.001046s ]
INFO: Run TokenBuild Behavior [ RunTime:0.001489s ]
INFO: Run WriteHtmlCache Behavior [ RunTime:0.000933s ]
INFO: Run ShowRuntime Behavior [ RunTime:0.001092s ]
INFO: [ view_filter ] --END-- [ RunTime:0.004749s ]
INFO: [ view_end ] --START--
INFO: Run ShowPageTrace Behavior [ RunTime:0.001210s ]
INFO: [ view_end ] --END-- [ RunTime:0.001269s ]

[ 2013-05-30T21:59:22+08:00 ] 127.0.0.1 /index.php/admin/ProductClassify/index
INFO: [ route_check ] --START--
INFO: Run CheckRoute Behavior [ RunTime:0.001524s ]
INFO: [ route_check ] --END-- [ RunTime:0.001631s ]
INFO: [ app_begin ] --START--
INFO: Run ReadHtmlCache Behavior [ RunTime:0.001277s ]
INFO: [ app_begin ] --END-- [ RunTime:0.001368s ]
SQL: SHOW COLUMNS FROM `shop_productclassify` [ RunTime:0.003811s ]
SQL: SELECT COUNT(*) AS tp_count FROM `shop_productclassify` LIMIT 1   [ RunTime:0.002318s ]
SQL: SELECT * FROM `shop_productclassify` LIMIT 0,25   [ RunTime:0.000275s ]
INFO: [ view_template ] --START--
INFO: Run LocationTemplate Behavior [ RunTime:0.000631s ]
INFO: [ view_template ] --END-- [ RunTime:0.000701s ]
INFO: [ view_parse ] --START--
INFO: Run ParseTemplate Behavior [ RunTime:0.010992s ]
INFO: [ view_parse ] --END-- [ RunTime:0.011108s ]
INFO: [ view_filter ] --START--
INFO: Run ContentReplace Behavior [ RunTime:0.000521s ]
INFO: Run TokenBuild Behavior [ RunTime:0.000494s ]
INFO: Run WriteHtmlCache Behavior [ RunTime:0.000323s ]
INFO: Run ShowRuntime Behavior [ RunTime:0.000495s ]
INFO: [ view_filter ] --END-- [ RunTime:0.002114s ]
INFO: [ view_end ] --START--
INFO: Run ShowPageTrace Behavior [ RunTime:0.000617s ]
INFO: [ view_end ] --END-- [ RunTime:0.000674s ]

[ 2013-05-30T22:00:31+08:00 ] 127.0.0.1 /index.php/admin/ProductClassify/index
INFO: [ route_check ] --START--
INFO: Run CheckRoute Behavior [ RunTime:0.001650s ]
INFO: [ route_check ] --END-- [ RunTime:0.001757s ]
INFO: [ app_begin ] --START--
INFO: Run ReadHtmlCache Behavior [ RunTime:0.001227s ]
INFO: [ app_begin ] --END-- [ RunTime:0.001310s ]
SQL: SHOW COLUMNS FROM `shop_productclassify` [ RunTime:0.003725s ]
SQL: SELECT COUNT(*) AS tp_count FROM `shop_productclassify` LIMIT 1   [ RunTime:0.001545s ]
SQL: SELECT * FROM `shop_productclassify` LIMIT 0,25   [ RunTime:0.000250s ]
INFO: [ view_template ] --START--
INFO: Run LocationTemplate Behavior [ RunTime:0.002233s ]
INFO: [ view_template ] --END-- [ RunTime:0.002311s ]
INFO: [ view_parse ] --START--
INFO: Run ParseTemplate Behavior [ RunTime:0.019411s ]
INFO: [ view_parse ] --END-- [ RunTime:0.019524s ]
INFO: [ view_filter ] --START--
INFO: Run ContentReplace Behavior [ RunTime:0.001076s ]
INFO: Run TokenBuild Behavior [ RunTime:0.001040s ]
INFO: Run WriteHtmlCache Behavior [ RunTime:0.000897s ]
INFO: Run ShowRuntime Behavior [ RunTime:0.001094s ]
INFO: [ view_filter ] --END-- [ RunTime:0.004291s ]
INFO: [ view_end ] --START--
INFO: Run ShowPageTrace Behavior [ RunTime:0.001330s ]
INFO: [ view_end ] --END-- [ RunTime:0.001396s ]

[ 2013-05-30T22:01:53+08:00 ] 127.0.0.1 /index.php/admin/ProductClassify/index
INFO: [ route_check ] --START--
INFO: Run CheckRoute Behavior [ RunTime:0.000995s ]
INFO: [ route_check ] --END-- [ RunTime:0.001120s ]
INFO: [ app_begin ] --START--
INFO: Run ReadHtmlCache Behavior [ RunTime:0.000834s ]
INFO: [ app_begin ] --END-- [ RunTime:0.000933s ]
SQL: SHOW COLUMNS FROM `shop_productclassify` [ RunTime:0.003444s ]
SQL: SELECT COUNT(*) AS tp_count FROM `shop_productclassify` LIMIT 1   [ RunTime:0.001293s ]
SQL: SELECT * FROM `shop_productclassify` LIMIT 0,25   [ RunTime:0.000240s ]
INFO: [ view_template ] --START--
INFO: Run LocationTemplate Behavior [ RunTime:0.000640s ]
INFO: [ view_template ] --END-- [ RunTime:0.000720s ]
INFO: [ view_parse ] --START--
INFO: Run ParseTemplate Behavior [ RunTime:0.009096s ]
INFO: [ view_parse ] --END-- [ RunTime:0.009189s ]
INFO: [ view_filter ] --START--
INFO: Run ContentReplace Behavior [ RunTime:0.000424s ]
INFO: Run TokenBuild Behavior [ RunTime:0.000409s ]
INFO: Run WriteHtmlCache Behavior [ RunTime:0.000300s ]
INFO: Run ShowRuntime Behavior [ RunTime:0.000477s ]
INFO: [ view_filter ] --END-- [ RunTime:0.001775s ]
INFO: [ view_end ] --START--
INFO: Run ShowPageTrace Behavior [ RunTime:0.000603s ]
INFO: [ view_end ] --END-- [ RunTime:0.000659s ]

[ 2013-05-30T22:02:10+08:00 ] 127.0.0.1 /index.php/admin/ProductClassify/index
INFO: [ route_check ] --START--
INFO: Run CheckRoute Behavior [ RunTime:0.001548s ]
INFO: [ route_check ] --END-- [ RunTime:0.001646s ]
INFO: [ app_begin ] --START--
INFO: Run ReadHtmlCache Behavior [ RunTime:0.001312s ]
INFO: [ app_begin ] --END-- [ RunTime:0.001420s ]
SQL: SHOW COLUMNS FROM `shop_productclassify` [ RunTime:0.004113s ]
SQL: SELECT COUNT(*) AS tp_count FROM `shop_productclassify` LIMIT 1   [ RunTime:0.002888s ]
SQL: SELECT * FROM `shop_productclassify` LIMIT 0,25   [ RunTime:0.000239s ]
INFO: [ view_template ] --START--
INFO: Run LocationTemplate Behavior [ RunTime:0.002251s ]
INFO: [ view_template ] --END-- [ RunTime:0.002335s ]
INFO: [ view_parse ] --START--
INFO: Run ParseTemplate Behavior [ RunTime:0.019341s ]
INFO: [ view_parse ] --END-- [ RunTime:0.019478s ]
INFO: [ view_filter ] --START--
INFO: Run ContentReplace Behavior [ RunTime:0.001202s ]
INFO: Run TokenBuild Behavior [ RunTime:0.001591s ]
INFO: Run WriteHtmlCache Behavior [ RunTime:0.001196s ]
INFO: Run ShowRuntime Behavior [ RunTime:0.001807s ]
INFO: [ view_filter ] --END-- [ RunTime:0.006136s ]
INFO: [ view_end ] --START--
INFO: Run ShowPageTrace Behavior [ RunTime:0.001801s ]
INFO: [ view_end ] --END-- [ RunTime:0.001910s ]

[ 2013-05-30T22:03:41+08:00 ] 127.0.0.1 /index.php/admin/ProductClassify/index
INFO: [ route_check ] --START--
INFO: Run CheckRoute Behavior [ RunTime:0.000871s ]
INFO: [ route_check ] --END-- [ RunTime:0.000970s ]
INFO: [ app_begin ] --START--
INFO: Run ReadHtmlCache Behavior [ RunTime:0.000835s ]
INFO: [ app_begin ] --END-- [ RunTime:0.000906s ]
SQL: SHOW COLUMNS FROM `shop_productclassify` [ RunTime:0.004060s ]
SQL: SELECT COUNT(*) AS tp_count FROM `shop_productclassify` LIMIT 1   [ RunTime:0.002091s ]
SQL: SELECT * FROM `shop_productclassify` LIMIT 0,25   [ RunTime:0.000227s ]
INFO: [ view_template ] --START--
INFO: Run LocationTemplate Behavior [ RunTime:0.000581s ]
INFO: [ view_template ] --END-- [ RunTime:0.000660s ]
INFO: [ view_parse ] --START--
INFO: Run ParseTemplate Behavior [ RunTime:0.008972s ]
INFO: [ view_parse ] --END-- [ RunTime:0.009079s ]
INFO: [ view_filter ] --START--
INFO: Run ContentReplace Behavior [ RunTime:0.000451s ]
INFO: Run TokenBuild Behavior [ RunTime:0.000409s ]
INFO: Run WriteHtmlCache Behavior [ RunTime:0.000302s ]
INFO: Run ShowRuntime Behavior [ RunTime:0.000490s ]
INFO: [ view_filter ] --END-- [ RunTime:0.001818s ]
INFO: [ view_end ] --START--
INFO: Run ShowPageTrace Behavior [ RunTime:0.000611s ]
INFO: [ view_end ] --END-- [ RunTime:0.000667s ]

[ 2013-05-30T22:05:34+08:00 ] 127.0.0.1 /index.php/admin/ProductClassify/index
INFO: [ route_check ] --START--
INFO: Run CheckRoute Behavior [ RunTime:0.002032s ]
INFO: [ route_check ] --END-- [ RunTime:0.002189s ]
INFO: [ app_begin ] --START--
INFO: Run ReadHtmlCache Behavior [ RunTime:0.001179s ]
INFO: [ app_begin ] --END-- [ RunTime:0.001248s ]
SQL: SHOW COLUMNS FROM `shop_productclassify` [ RunTime:0.003868s ]
SQL: SELECT COUNT(*) AS tp_count FROM `shop_productclassify` LIMIT 1   [ RunTime:0.001356s ]
SQL: SELECT * FROM `shop_productclassify` LIMIT 0,25   [ RunTime:0.000261s ]
INFO: [ view_template ] --START--
INFO: Run LocationTemplate Behavior [ RunTime:0.002513s ]
INFO: [ view_template ] --END-- [ RunTime:0.002612s ]
INFO: [ view_parse ] --START--
INFO: Run ParseTemplate Behavior [ RunTime:0.013275s ]
INFO: [ view_parse ] --END-- [ RunTime:0.013379s ]
INFO: [ view_filter ] --START--
INFO: Run ContentReplace Behavior [ RunTime:0.001081s ]
INFO: Run TokenBuild Behavior [ RunTime:0.001010s ]
INFO: Run WriteHtmlCache Behavior [ RunTime:0.001154s ]
INFO: Run ShowRuntime Behavior [ RunTime:0.001349s ]
INFO: [ view_filter ] --END-- [ RunTime:0.004839s ]
INFO: [ view_end ] --START--
INFO: Run ShowPageTrace Behavior [ RunTime:0.001382s ]
INFO: [ view_end ] --END-- [ RunTime:0.001452s ]

[ 2013-05-30T22:07:23+08:00 ] 127.0.0.1 /index.php/admin/ProductClassify/index
INFO: [ route_check ] --START--
INFO: Run CheckRoute Behavior [ RunTime:0.001563s ]
INFO: [ route_check ] --END-- [ RunTime:0.001663s ]
INFO: [ app_begin ] --START--
INFO: Run ReadHtmlCache Behavior [ RunTime:0.001355s ]
INFO: [ app_begin ] --END-- [ RunTime:0.001451s ]
SQL: SHOW COLUMNS FROM `shop_productclassify` [ RunTime:0.003938s ]
SQL: SELECT COUNT(*) AS tp_count FROM `shop_productclassify` LIMIT 1   [ RunTime:0.001285s ]
SQL: SELECT * FROM `shop_productclassify` LIMIT 0,25   [ RunTime:0.000200s ]
INFO: [ view_template ] --START--
INFO: Run LocationTemplate Behavior [ RunTime:0.002610s ]
INFO: [ view_template ] --END-- [ RunTime:0.002717s ]
INFO: [ view_parse ] --START--
INFO: Run ParseTemplate Behavior [ RunTime:0.014432s ]
INFO: [ view_parse ] --END-- [ RunTime:0.014563s ]
INFO: [ view_filter ] --START--
INFO: Run ContentReplace Behavior [ RunTime:0.001476s ]
INFO: Run TokenBuild Behavior [ RunTime:0.001202s ]
INFO: Run WriteHtmlCache Behavior [ RunTime:0.001050s ]
INFO: Run ShowRuntime Behavior [ RunTime:0.001444s ]
INFO: [ view_filter ] --END-- [ RunTime:0.005392s ]
INFO: [ view_end ] --START--
INFO: Run ShowPageTrace Behavior [ RunTime:0.002113s ]
INFO: [ view_end ] --END-- [ RunTime:0.002250s ]

[ 2013-05-30T22:07:29+08:00 ] 127.0.0.1 /index.php/admin/ProductClassify/index?Iden=&IdenAlias=
INFO: [ route_check ] --START--
INFO: Run CheckRoute Behavior [ RunTime:0.001778s ]
INFO: [ route_check ] --END-- [ RunTime:0.001931s ]
INFO: [ app_begin ] --START--
INFO: Run ReadHtmlCache Behavior [ RunTime:0.001436s ]
INFO: [ app_begin ] --END-- [ RunTime:0.001566s ]
SQL: SHOW COLUMNS FROM `shop_productclassify` [ RunTime:0.005219s ]
SQL: SELECT COUNT(*) AS tp_count FROM `shop_productclassify` LIMIT 1   [ RunTime:0.002851s ]
SQL: SELECT * FROM `shop_productclassify` LIMIT 0,25   [ RunTime:0.000301s ]
INFO: [ view_template ] --START--
INFO: Run LocationTemplate Behavior [ RunTime:0.002969s ]
INFO: [ view_template ] --END-- [ RunTime:0.003093s ]
INFO: [ view_parse ] --START--
INFO: Run ParseTemplate Behavior [ RunTime:0.013614s ]
INFO: [ view_parse ] --END-- [ RunTime:0.013723s ]
INFO: [ view_filter ] --START--
INFO: Run ContentReplace Behavior [ RunTime:0.001104s ]
INFO: Run TokenBuild Behavior [ RunTime:0.001021s ]
INFO: Run WriteHtmlCache Behavior [ RunTime:0.000957s ]
INFO: Run ShowRuntime Behavior [ RunTime:0.001200s ]
INFO: [ view_filter ] --END-- [ RunTime:0.004494s ]
INFO: [ view_end ] --START--
INFO: Run ShowPageTrace Behavior [ RunTime:0.001305s ]
INFO: [ view_end ] --END-- [ RunTime:0.001374s ]

[ 2013-05-30T22:08:55+08:00 ] 127.0.0.1 /index.php/admin/ProductClassify/index?Iden=&IdenAlias=
INFO: [ route_check ] --START--
INFO: Run CheckRoute Behavior [ RunTime:0.001386s ]
INFO: [ route_check ] --END-- [ RunTime:0.001595s ]
INFO: [ app_begin ] --START--
INFO: Run ReadHtmlCache Behavior [ RunTime:0.000876s ]
INFO: [ app_begin ] --END-- [ RunTime:0.000996s ]
SQL: SHOW COLUMNS FROM `shop_productclassify` [ RunTime:0.003781s ]
SQL: SELECT COUNT(*) AS tp_count FROM `shop_productclassify` LIMIT 1   [ RunTime:0.001499s ]
SQL: SELECT * FROM `shop_productclassify` LIMIT 0,25   [ RunTime:0.000188s ]
INFO: [ view_template ] --START--
INFO: Run LocationTemplate Behavior [ RunTime:0.000606s ]
INFO: [ view_template ] --END-- [ RunTime:0.000675s ]
INFO: [ view_parse ] --START--
INFO: Run ParseTemplate Behavior [ RunTime:0.010325s ]
INFO: [ view_parse ] --END-- [ RunTime:0.010479s ]
INFO: [ view_filter ] --START--
INFO: Run ContentReplace Behavior [ RunTime:0.000622s ]
INFO: Run TokenBuild Behavior [ RunTime:0.000549s ]
INFO: Run WriteHtmlCache Behavior [ RunTime:0.000385s ]
INFO: Run ShowRuntime Behavior [ RunTime:0.000681s ]
INFO: [ view_filter ] --END-- [ RunTime:0.002486s ]
INFO: [ view_end ] --START--
INFO: Run ShowPageTrace Behavior [ RunTime:0.000947s ]
INFO: [ view_end ] --END-- [ RunTime:0.001060s ]

[ 2013-05-30T22:08:58+08:00 ] 127.0.0.1 /index.php/admin/ProductClassify/index?Iden=&IdenAlias=
INFO: [ route_check ] --START--
INFO: Run CheckRoute Behavior [ RunTime:0.001324s ]
INFO: [ route_check ] --END-- [ RunTime:0.001509s ]
INFO: [ app_begin ] --START--
INFO: Run ReadHtmlCache Behavior [ RunTime:0.001401s ]
INFO: [ app_begin ] --END-- [ RunTime:0.001554s ]
SQL: SHOW COLUMNS FROM `shop_productclassify` [ RunTime:0.014688s ]
SQL: SELECT COUNT(*) AS tp_count FROM `shop_productclassify` LIMIT 1   [ RunTime:0.002305s ]
SQL: SELECT * FROM `shop_productclassify` LIMIT 0,25   [ RunTime:0.001580s ]
INFO: [ view_template ] --START--
INFO: Run LocationTemplate Behavior [ RunTime:0.000765s ]
INFO: [ view_template ] --END-- [ RunTime:0.000879s ]
INFO: [ view_parse ] --START--
INFO: Run ParseTemplate Behavior [ RunTime:0.010940s ]
INFO: [ view_parse ] --END-- [ RunTime:0.011072s ]
INFO: [ view_filter ] --START--
INFO: Run ContentReplace Behavior [ RunTime:0.000499s ]
INFO: Run TokenBuild Behavior [ RunTime:0.000534s ]
INFO: Run WriteHtmlCache Behavior [ RunTime:0.000366s ]
INFO: Run ShowRuntime Behavior [ RunTime:0.000644s ]
INFO: [ view_filter ] --END-- [ RunTime:0.002284s ]
INFO: [ view_end ] --START--
INFO: Run ShowPageTrace Behavior [ RunTime:0.001334s ]
INFO: [ view_end ] --END-- [ RunTime:0.001466s ]

[ 2013-05-30T22:09:22+08:00 ] 127.0.0.1 /index.php/admin/ProductClassify/index?Iden=&IdenAlias=
INFO: [ route_check ] --START--
INFO: Run CheckRoute Behavior [ RunTime:0.000860s ]
INFO: [ route_check ] --END-- [ RunTime:0.000966s ]
INFO: [ app_begin ] --START--
INFO: Run ReadHtmlCache Behavior [ RunTime:0.000622s ]
INFO: [ app_begin ] --END-- [ RunTime:0.000687s ]
SQL: SHOW COLUMNS FROM `shop_productclassify` [ RunTime:0.003809s ]
SQL: SELECT COUNT(*) AS tp_count FROM `shop_productclassify` LIMIT 1   [ RunTime:0.003003s ]
SQL: SELECT * FROM `shop_productclassify` LIMIT 0,25   [ RunTime:0.000284s ]
INFO: [ view_template ] --START--
INFO: Run LocationTemplate Behavior [ RunTime:0.000597s ]
INFO: [ view_template ] --END-- [ RunTime:0.000670s ]
INFO: [ view_parse ] --START--
INFO: Run ParseTemplate Behavior [ RunTime:0.009338s ]
INFO: [ view_parse ] --END-- [ RunTime:0.009464s ]
INFO: [ view_filter ] --START--
INFO: Run ContentReplace Behavior [ RunTime:0.000486s ]
INFO: Run TokenBuild Behavior [ RunTime:0.000444s ]
INFO: Run WriteHtmlCache Behavior [ RunTime:0.000301s ]
INFO: Run ShowRuntime Behavior [ RunTime:0.000524s ]
INFO: [ view_filter ] --END-- [ RunTime:0.001927s ]
INFO: [ view_end ] --START--
INFO: Run ShowPageTrace Behavior [ RunTime:0.000611s ]
INFO: [ view_end ] --END-- [ RunTime:0.000669s ]

[ 2013-05-30T22:10:03+08:00 ] 127.0.0.1 /index.php/admin/ProductClassify/index?Iden=&IdenAlias=
INFO: [ route_check ] --START--
INFO: Run CheckRoute Behavior [ RunTime:0.001693s ]
INFO: [ route_check ] --END-- [ RunTime:0.001827s ]
INFO: [ app_begin ] --START--
INFO: Run ReadHtmlCache Behavior [ RunTime:0.001201s ]
INFO: [ app_begin ] --END-- [ RunTime:0.001274s ]
SQL: SHOW COLUMNS FROM `shop_productclassify` [ RunTime:0.003716s ]
SQL: SELECT COUNT(*) AS tp_count FROM `shop_productclassify` LIMIT 1   [ RunTime:0.001243s ]
SQL: SELECT * FROM `shop_productclassify` LIMIT 0,25   [ RunTime:0.000309s ]
INFO: [ view_template ] --START--
INFO: Run LocationTemplate Behavior [ RunTime:0.002590s ]
INFO: [ view_template ] --END-- [ RunTime:0.002712s ]
INFO: [ view_parse ] --START--
INFO: Run ParseTemplate Behavior [ RunTime:0.014053s ]
INFO: [ view_parse ] --END-- [ RunTime:0.014163s ]
INFO: [ view_filter ] --START--
INFO: Run ContentReplace Behavior [ RunTime:0.001224s ]
INFO: Run TokenBuild Behavior [ RunTime:0.001007s ]
INFO: Run WriteHtmlCache Behavior [ RunTime:0.000913s ]
INFO: Run ShowRuntime Behavior [ RunTime:0.001122s ]
INFO: [ view_filter ] --END-- [ RunTime:0.004452s ]
INFO: [ view_end ] --START--
INFO: Run ShowPageTrace Behavior [ RunTime:0.001214s ]
INFO: [ view_end ] --END-- [ RunTime:0.001273s ]

[ 2013-05-30T22:11:44+08:00 ] 127.0.0.1 /index.php/admin/ProductClassify/index?Iden=&IdenAlias=
INFO: [ route_check ] --START--
INFO: Run CheckRoute Behavior [ RunTime:0.001635s ]
INFO: [ route_check ] --END-- [ RunTime:0.001750s ]
INFO: [ app_begin ] --START--
INFO: Run ReadHtmlCache Behavior [ RunTime:0.001206s ]
INFO: [ app_begin ] --END-- [ RunTime:0.001274s ]
SQL: SHOW COLUMNS FROM `shop_productclassify` [ RunTime:0.004081s ]
SQL: SELECT COUNT(*) AS tp_count FROM `shop_productclassify` LIMIT 1   [ RunTime:0.001926s ]
SQL: SELECT * FROM `shop_productclassify` LIMIT 0,25   [ RunTime:0.000219s ]
INFO: [ view_template ] --START--
INFO: Run LocationTemplate Behavior [ RunTime:0.002247s ]
INFO: [ view_template ] --END-- [ RunTime:0.002325s ]
INFO: [ view_parse ] --START--
INFO: Run ParseTemplate Behavior [ RunTime:0.016179s ]
INFO: [ view_parse ] --END-- [ RunTime:0.016427s ]
INFO: [ view_filter ] --START--
INFO: Run ContentReplace Behavior [ RunTime:0.001857s ]
INFO: Run TokenBuild Behavior [ RunTime:0.001587s ]
INFO: Run WriteHtmlCache Behavior [ RunTime:0.001122s ]
INFO: Run ShowRuntime Behavior [ RunTime:0.001218s ]
INFO: [ view_filter ] --END-- [ RunTime:0.006092s ]
INFO: [ view_end ] --START--
INFO: Run ShowPageTrace Behavior [ RunTime:0.001358s ]
INFO: [ view_end ] --END-- [ RunTime:0.001422s ]

[ 2013-05-30T22:12:21+08:00 ] 127.0.0.1 /index.php/admin/ProductClassify/index?Iden=&IdenAlias=
INFO: [ route_check ] --START--
INFO: Run CheckRoute Behavior [ RunTime:0.000888s ]
INFO: [ route_check ] --END-- [ RunTime:0.001004s ]
INFO: [ app_begin ] --START--
INFO: Run ReadHtmlCache Behavior [ RunTime:0.000649s ]
INFO: [ app_begin ] --END-- [ RunTime:0.000735s ]
SQL: SHOW COLUMNS FROM `shop_productclassify` [ RunTime:0.004459s ]
SQL: SELECT COUNT(*) AS tp_count FROM `shop_productclassify` LIMIT 1   [ RunTime:0.002381s ]
SQL: SELECT * FROM `shop_productclassify` LIMIT 0,25   [ RunTime:0.000226s ]
INFO: [ view_template ] --START--
INFO: Run LocationTemplate Behavior [ RunTime:0.000553s ]
INFO: [ view_template ] --END-- [ RunTime:0.000622s ]
INFO: [ view_parse ] --START--
INFO: Run ParseTemplate Behavior [ RunTime:0.010705s ]
INFO: [ view_parse ] --END-- [ RunTime:0.010831s ]
INFO: [ view_filter ] --START--
INFO: Run ContentReplace Behavior [ RunTime:0.000643s ]
INFO: Run TokenBuild Behavior [ RunTime:0.000587s ]
INFO: Run WriteHtmlCache Behavior [ RunTime:0.000323s ]
INFO: Run ShowRuntime Behavior [ RunTime:0.000490s ]
INFO: [ view_filter ] --END-- [ RunTime:0.002292s ]
INFO: [ view_end ] --START--
INFO: Run ShowPageTrace Behavior [ RunTime:0.000626s ]
INFO: [ view_end ] --END-- [ RunTime:0.000699s ]

[ 2013-05-30T22:12:24+08:00 ] 127.0.0.1 /index.php/admin/ProductClassify/
INFO: [ route_check ] --START--
INFO: Run CheckRoute Behavior [ RunTime:0.000956s ]
INFO: [ route_check ] --END-- [ RunTime:0.001067s ]
INFO: [ app_begin ] --START--
INFO: Run ReadHtmlCache Behavior [ RunTime:0.000711s ]
INFO: [ app_begin ] --END-- [ RunTime:0.000810s ]
SQL: SHOW COLUMNS FROM `shop_productclassify` [ RunTime:0.003878s ]
SQL: SELECT COUNT(*) AS tp_count FROM `shop_productclassify` LIMIT 1   [ RunTime:0.001346s ]
SQL: SELECT * FROM `shop_productclassify` LIMIT 0,25   [ RunTime:0.000252s ]
INFO: [ view_template ] --START--
INFO: Run LocationTemplate Behavior [ RunTime:0.000570s ]
INFO: [ view_template ] --END-- [ RunTime:0.000641s ]
INFO: [ view_parse ] --START--
INFO: Run ParseTemplate Behavior [ RunTime:0.009397s ]
INFO: [ view_parse ] --END-- [ RunTime:0.009500s ]
INFO: [ view_filter ] --START--
INFO: Run ContentReplace Behavior [ RunTime:0.000498s ]
INFO: Run TokenBuild Behavior [ RunTime:0.000439s ]
INFO: Run WriteHtmlCache Behavior [ RunTime:0.000315s ]
INFO: Run ShowRuntime Behavior [ RunTime:0.000527s ]
INFO: [ view_filter ] --END-- [ RunTime:0.002001s ]
INFO: [ view_end ] --START--
INFO: Run ShowPageTrace Behavior [ RunTime:0.000684s ]
INFO: [ view_end ] --END-- [ RunTime:0.000778s ]

[ 2013-05-30T22:15:14+08:00 ] 127.0.0.1 /index.php/admin/ProductClassify/
INFO: [ route_check ] --START--
INFO: Run CheckRoute Behavior [ RunTime:0.001490s ]
INFO: [ route_check ] --END-- [ RunTime:0.001590s ]
INFO: [ app_begin ] --START--
INFO: Run ReadHtmlCache Behavior [ RunTime:0.001155s ]
INFO: [ app_begin ] --END-- [ RunTime:0.001223s ]
SQL: SHOW COLUMNS FROM `shop_productclassify` [ RunTime:0.003467s ]
SQL: SELECT COUNT(*) AS tp_count FROM `shop_productclassify` LIMIT 1   [ RunTime:0.001565s ]
SQL: SELECT * FROM `shop_productclassify` LIMIT 0,25   [ RunTime:0.000252s ]
INFO: [ view_template ] --START--
INFO: Run LocationTemplate Behavior [ RunTime:0.002311s ]
INFO: [ view_template ] --END-- [ RunTime:0.002404s ]
INFO: [ view_parse ] --START--
INFO: Run ParseTemplate Behavior [ RunTime:0.014160s ]
INFO: [ view_parse ] --END-- [ RunTime:0.014279s ]
INFO: [ view_filter ] --START--
INFO: Run ContentReplace Behavior [ RunTime:0.001100s ]
INFO: Run TokenBuild Behavior [ RunTime:0.001079s ]
INFO: Run WriteHtmlCache Behavior [ RunTime:0.000909s ]
INFO: Run ShowRuntime Behavior [ RunTime:0.001178s ]
INFO: [ view_filter ] --END-- [ RunTime:0.004461s ]
INFO: [ view_end ] --START--
INFO: Run ShowPageTrace Behavior [ RunTime:0.001559s ]
INFO: [ view_end ] --END-- [ RunTime:0.001637s ]

[ 2013-05-30T22:15:20+08:00 ] ERR: (ThinkException) 非法操作:addClassify
[ 2013-05-30T22:15:20+08:00 ] 127.0.0.1 /index.php/admin/ProductClassify/addClassify
INFO: [ route_check ] --START--
INFO: Run CheckRoute Behavior [ RunTime:0.001304s ]
INFO: [ route_check ] --END-- [ RunTime:0.001461s ]
INFO: [ app_begin ] --START--
INFO: Run ReadHtmlCache Behavior [ RunTime:0.000972s ]
INFO: [ app_begin ] --END-- [ RunTime:0.001108s ]
NOTIC: [8] Undefined index:  class D:\ThinkPHP\Lib\Core\ThinkException.class.php 第 63 行.
NOTIC: [8] Undefined index:  type D:\ThinkPHP\Lib\Core\ThinkException.class.php 第 63 行.
NOTIC: [8] Undefined index:  file D:\ThinkPHP\Lib\Core\ThinkException.class.php 第 62 行.
NOTIC: [8] Undefined index:  line D:\ThinkPHP\Lib\Core\ThinkException.class.php 第 62 行.
NOTIC: [4096] Object of class ProductClassifyAction could not be converted to string D:\ThinkPHP\Lib\Core\ThinkException.class.php 第 64 行.
NOTIC: [8] Array to string conversion D:\ThinkPHP\Lib\Core\ThinkException.class.php 第 64 行.
NOTIC: [8] Undefined index:  class D:\ThinkPHP\Lib\Core\ThinkException.class.php 第 63 行.
NOTIC: [8] Undefined index:  type D:\ThinkPHP\Lib\Core\ThinkException.class.php 第 63 行.
NOTIC: [8] Undefined index:  class D:\ThinkPHP\Lib\Core\ThinkException.class.php 第 63 行.
NOTIC: [8] Undefined index:  type D:\ThinkPHP\Lib\Core\ThinkException.class.php 第 63 行.

[ 2013-05-30T22:15:47+08:00 ] 127.0.0.1 /index.php/admin/ProductClassify/
INFO: [ route_check ] --START--
INFO: Run CheckRoute Behavior [ RunTime:0.000958s ]
INFO: [ route_check ] --END-- [ RunTime:0.001062s ]
INFO: [ app_begin ] --START--
INFO: Run ReadHtmlCache Behavior [ RunTime:0.000692s ]
INFO: [ app_begin ] --END-- [ RunTime:0.000787s ]
SQL: SHOW COLUMNS FROM `shop_productclassify` [ RunTime:0.004517s ]
SQL: SELECT COUNT(*) AS tp_count FROM `shop_productclassify` LIMIT 1   [ RunTime:0.001866s ]
SQL: SELECT * FROM `shop_productclassify` LIMIT 0,25   [ RunTime:0.000268s ]
INFO: [ view_template ] --START--
INFO: Run LocationTemplate Behavior [ RunTime:0.000605s ]
INFO: [ view_template ] --END-- [ RunTime:0.000675s ]
INFO: [ view_parse ] --START--
INFO: Run ParseTemplate Behavior [ RunTime:0.009890s ]
INFO: [ view_parse ] --END-- [ RunTime:0.009999s ]
INFO: [ view_filter ] --START--
INFO: Run ContentReplace Behavior [ RunTime:0.000488s ]
INFO: Run TokenBuild Behavior [ RunTime:0.000436s ]
INFO: Run WriteHtmlCache Behavior [ RunTime:0.000299s ]
INFO: Run ShowRuntime Behavior [ RunTime:0.000517s ]
INFO: [ view_filter ] --END-- [ RunTime:0.001914s ]
INFO: [ view_end ] --START--
INFO: Run ShowPageTrace Behavior [ RunTime:0.000607s ]
INFO: [ view_end ] --END-- [ RunTime:0.000667s ]

[ 2013-05-30T22:15:57+08:00 ] 127.0.0.1 /index.php/admin/ProductClassify/addClass
INFO: [ route_check ] --START--
INFO: Run CheckRoute Behavior [ RunTime:0.001906s ]
INFO: [ route_check ] --END-- [ RunTime:0.002057s ]
INFO: [ app_begin ] --START--
INFO: Run ReadHtmlCache Behavior [ RunTime:0.001392s ]
INFO: [ app_begin ] --END-- [ RunTime:0.001505s ]
SQL: SHOW COLUMNS FROM `shop_productclassify` [ RunTime:0.005402s ]
SQL: INSERT INTO `shop_productclassify` (`Iden`,`IdenAlias`) VALUES ('baba','abbd') [ RunTime:0.103008s ]
SQL: SELECT * FROM `shop_productclassify` WHERE ( `Id` = 1 ) LIMIT 1   [ RunTime:0.011587s ]

[ 2013-05-30T22:16:13+08:00 ] 127.0.0.1 /index.php/admin/ProductClassify/
INFO: [ route_check ] --START--
INFO: Run CheckRoute Behavior [ RunTime:0.000869s ]
INFO: [ route_check ] --END-- [ RunTime:0.000960s ]
INFO: [ app_begin ] --START--
INFO: Run ReadHtmlCache Behavior [ RunTime:0.000557s ]
INFO: [ app_begin ] --END-- [ RunTime:0.000621s ]
SQL: SHOW COLUMNS FROM `shop_productclassify` [ RunTime:0.003569s ]
SQL: SELECT COUNT(*) AS tp_count FROM `shop_productclassify` LIMIT 1   [ RunTime:0.001474s ]
SQL: SELECT * FROM `shop_productclassify` LIMIT 0,25   [ RunTime:0.000330s ]
INFO: [ view_template ] --START--
INFO: Run LocationTemplate Behavior [ RunTime:0.002433s ]
INFO: [ view_template ] --END-- [ RunTime:0.002524s ]
INFO: [ view_parse ] --START--
NOTIC: [8] Undefined index:  ProductList E:\www\mytmall\Runtime\Cache\admin\ceae5910a4d2402ed7bfd1caf6bdbd42.php 第 58 行.
INFO: Run ParseTemplate Behavior [ RunTime:0.013797s ]
INFO: [ view_parse ] --END-- [ RunTime:0.013887s ]
INFO: [ view_filter ] --START--
INFO: Run ContentReplace Behavior [ RunTime:0.001115s ]
INFO: Run TokenBuild Behavior [ RunTime:0.001314s ]
INFO: Run WriteHtmlCache Behavior [ RunTime:0.001286s ]
INFO: Run ShowRuntime Behavior [ RunTime:0.001118s ]
INFO: [ view_filter ] --END-- [ RunTime:0.005042s ]
INFO: [ view_end ] --START--
INFO: Run ShowPageTrace Behavior [ RunTime:0.001230s ]
INFO: [ view_end ] --END-- [ RunTime:0.001287s ]

[ 2013-05-30T22:17:01+08:00 ] 127.0.0.1 /index.php/admin/ProductClassify/
INFO: [ route_check ] --START--
INFO: Run CheckRoute Behavior [ RunTime:0.002978s ]
INFO: [ route_check ] --END-- [ RunTime:0.003100s ]
INFO: [ app_begin ] --START--
INFO: Run ReadHtmlCache Behavior [ RunTime:0.000590s ]
INFO: [ app_begin ] --END-- [ RunTime:0.000658s ]
SQL: SHOW COLUMNS FROM `shop_productclassify` [ RunTime:0.004197s ]
SQL: SELECT COUNT(*) AS tp_count FROM `shop_productclassify` LIMIT 1   [ RunTime:0.001850s ]
SQL: SELECT * FROM `shop_productclassify` LIMIT 0,25   [ RunTime:0.000266s ]
INFO: [ view_template ] --START--
INFO: Run LocationTemplate Behavior [ RunTime:0.000642s ]
INFO: [ view_template ] --END-- [ RunTime:0.000708s ]
INFO: [ view_parse ] --START--
NOTIC: [8] Undefined index:  ProductList E:\www\mytmall\Runtime\Cache\admin\ceae5910a4d2402ed7bfd1caf6bdbd42.php 第 58 行.
INFO: Run ParseTemplate Behavior [ RunTime:0.009538s ]
INFO: [ view_parse ] --END-- [ RunTime:0.009612s ]
INFO: [ view_filter ] --START--
INFO: Run ContentReplace Behavior [ RunTime:0.000450s ]
INFO: Run TokenBuild Behavior [ RunTime:0.000413s ]
INFO: Run WriteHtmlCache Behavior [ RunTime:0.000298s ]
INFO: Run ShowRuntime Behavior [ RunTime:0.000481s ]
INFO: [ view_filter ] --END-- [ RunTime:0.001805s ]
INFO: [ view_end ] --START--
INFO: Run ShowPageTrace Behavior [ RunTime:0.000623s ]
INFO: [ view_end ] --END-- [ RunTime:0.000683s ]

[ 2013-05-30T22:22:20+08:00 ] 127.0.0.1 /index.php/admin/ProductClassify/
INFO: [ route_check ] --START--
INFO: Run CheckRoute Behavior [ RunTime:0.001564s ]
INFO: [ route_check ] --END-- [ RunTime:0.001670s ]
INFO: [ app_begin ] --START--
INFO: Run ReadHtmlCache Behavior [ RunTime:0.001258s ]
INFO: [ app_begin ] --END-- [ RunTime:0.001348s ]
SQL: SHOW COLUMNS FROM `shop_productclassify` [ RunTime:0.004468s ]
SQL: SELECT COUNT(*) AS tp_count FROM `shop_productclassify` LIMIT 1   [ RunTime:0.001568s ]
SQL: SELECT * FROM `shop_productclassify` LIMIT 0,25   [ RunTime:0.000209s ]
INFO: [ view_template ] --START--
INFO: Run LocationTemplate Behavior [ RunTime:0.002996s ]
INFO: [ view_template ] --END-- [ RunTime:0.003107s ]
INFO: [ view_parse ] --START--
NOTIC: [8] Undefined index:  ProductList E:\www\mytmall\Runtime\Cache\admin\ceae5910a4d2402ed7bfd1caf6bdbd42.php 第 75 行.
INFO: Run ParseTemplate Behavior [ RunTime:0.015968s ]
INFO: [ view_parse ] --END-- [ RunTime:0.016061s ]
INFO: [ view_filter ] --START--
INFO: Run ContentReplace Behavior [ RunTime:0.001175s ]
INFO: Run TokenBuild Behavior [ RunTime:0.001191s ]
INFO: Run WriteHtmlCache Behavior [ RunTime:0.000951s ]
INFO: Run ShowRuntime Behavior [ RunTime:0.001364s ]
INFO: [ view_filter ] --END-- [ RunTime:0.004871s ]
INFO: [ view_end ] --START--
INFO: Run ShowPageTrace Behavior [ RunTime:0.001709s ]
INFO: [ view_end ] --END-- [ RunTime:0.001808s ]

[ 2013-05-30T22:22:29+08:00 ] 127.0.0.1 /index.php/admin/ProductClassify/delClass
INFO: [ route_check ] --START--
INFO: Run CheckRoute Behavior [ RunTime:0.000887s ]
INFO: [ route_check ] --END-- [ RunTime:0.001000s ]
INFO: [ app_begin ] --START--
INFO: Run ReadHtmlCache Behavior [ RunTime:0.000926s ]
INFO: [ app_begin ] --END-- [ RunTime:0.001057s ]
SQL: SHOW COLUMNS FROM `shop_productclassify` [ RunTime:0.004823s ]
SQL: DELETE FROM `shop_productclassify` WHERE ( `Id` = 1 ) [ RunTime:0.040211s ]

[ 2013-05-30T22:23:01+08:00 ] 127.0.0.1 /index.php/admin/ProductClassify/
INFO: [ route_check ] --START--
INFO: Run CheckRoute Behavior [ RunTime:0.001006s ]
INFO: [ route_check ] --END-- [ RunTime:0.001143s ]
INFO: [ app_begin ] --START--
INFO: Run ReadHtmlCache Behavior [ RunTime:0.001019s ]
INFO: [ app_begin ] --END-- [ RunTime:0.001196s ]
SQL: SHOW COLUMNS FROM `shop_productclassify` [ RunTime:0.004497s ]
SQL: SELECT COUNT(*) AS tp_count FROM `shop_productclassify` LIMIT 1   [ RunTime:0.001769s ]
SQL: SELECT * FROM `shop_productclassify` LIMIT 0,25   [ RunTime:0.000231s ]
INFO: [ view_template ] --START--
INFO: Run LocationTemplate Behavior [ RunTime:0.000709s ]
INFO: [ view_template ] --END-- [ RunTime:0.000804s ]
INFO: [ view_parse ] --START--
INFO: Run ParseTemplate Behavior [ RunTime:0.012042s ]
INFO: [ view_parse ] --END-- [ RunTime:0.012205s ]
INFO: [ view_filter ] --START--
INFO: Run ContentReplace Behavior [ RunTime:0.000718s ]
INFO: Run TokenBuild Behavior [ RunTime:0.000663s ]
INFO: Run WriteHtmlCache Behavior [ RunTime:0.000469s ]
INFO: Run ShowRuntime Behavior [ RunTime:0.001222s ]
INFO: [ view_filter ] --END-- [ RunTime:0.003445s ]
INFO: [ view_end ] --START--
INFO: Run ShowPageTrace Behavior [ RunTime:0.001074s ]
INFO: [ view_end ] --END-- [ RunTime:0.001190s ]

[ 2013-05-30T22:23:07+08:00 ] 127.0.0.1 /index.php/admin/ProductClassify/addClass
INFO: [ route_check ] --START--
INFO: Run CheckRoute Behavior [ RunTime:0.001149s ]
INFO: [ route_check ] --END-- [ RunTime:0.001276s ]
INFO: [ app_begin ] --START--
INFO: Run ReadHtmlCache Behavior [ RunTime:0.000674s ]
INFO: [ app_begin ] --END-- [ RunTime:0.000755s ]
SQL: SHOW COLUMNS FROM `shop_productclassify` [ RunTime:0.004159s ]
SQL: INSERT INTO `shop_productclassify` (`Iden`,`IdenAlias`) VALUES ('Aa1a','1a2s1a2') [ RunTime:0.027426s ]
SQL: SELECT * FROM `shop_productclassify` WHERE ( `Id` = 2 ) LIMIT 1   [ RunTime:0.040078s ]

[ 2013-05-30T22:23:20+08:00 ] 127.0.0.1 /index.php/admin/ProductClassify/
INFO: [ route_check ] --START--
INFO: Run CheckRoute Behavior [ RunTime:0.000935s ]
INFO: [ route_check ] --END-- [ RunTime:0.001028s ]
INFO: [ app_begin ] --START--
INFO: Run ReadHtmlCache Behavior [ RunTime:0.000616s ]
INFO: [ app_begin ] --END-- [ RunTime:0.000695s ]
SQL: SHOW COLUMNS FROM `shop_productclassify` [ RunTime:0.004050s ]
SQL: SELECT COUNT(*) AS tp_count FROM `shop_productclassify` LIMIT 1   [ RunTime:0.001657s ]
SQL: SELECT * FROM `shop_productclassify` LIMIT 0,25   [ RunTime:0.000266s ]
INFO: [ view_template ] --START--
INFO: Run LocationTemplate Behavior [ RunTime:0.000602s ]
INFO: [ view_template ] --END-- [ RunTime:0.000669s ]
INFO: [ view_parse ] --START--
NOTIC: [8] Undefined index:  ProductList E:\www\mytmall\Runtime\Cache\admin\ceae5910a4d2402ed7bfd1caf6bdbd42.php 第 76 行.
INFO: Run ParseTemplate Behavior [ RunTime:0.009838s ]
INFO: [ view_parse ] --END-- [ RunTime:0.009907s ]
INFO: [ view_filter ] --START--
INFO: Run ContentReplace Behavior [ RunTime:0.000426s ]
INFO: Run TokenBuild Behavior [ RunTime:0.000417s ]
INFO: Run WriteHtmlCache Behavior [ RunTime:0.000309s ]
INFO: Run ShowRuntime Behavior [ RunTime:0.000590s ]
INFO: [ view_filter ] --END-- [ RunTime:0.001931s ]
INFO: [ view_end ] --START--
INFO: Run ShowPageTrace Behavior [ RunTime:0.000701s ]
INFO: [ view_end ] --END-- [ RunTime:0.000764s ]

[ 2013-05-30T22:25:55+08:00 ] 127.0.0.1 /index.php/admin/ProductClassify/
INFO: [ route_check ] --START--
INFO: Run CheckRoute Behavior [ RunTime:0.002353s ]
INFO: [ route_check ] --END-- [ RunTime:0.002776s ]
INFO: [ app_begin ] --START--
INFO: Run ReadHtmlCache Behavior [ RunTime:0.001930s ]
INFO: [ app_begin ] --END-- [ RunTime:0.002097s ]
SQL: SHOW COLUMNS FROM `shop_productclassify` [ RunTime:0.005637s ]
SQL: SELECT COUNT(*) AS tp_count FROM `shop_productclassify` LIMIT 1   [ RunTime:0.002669s ]
SQL: SELECT * FROM `shop_productclassify` LIMIT 0,25   [ RunTime:0.000257s ]
INFO: [ view_template ] --START--
INFO: Run LocationTemplate Behavior [ RunTime:0.003355s ]
INFO: [ view_template ] --END-- [ RunTime:0.003502s ]
INFO: [ view_parse ] --START--
NOTIC: [8] Undefined variable: vo E:\www\mytmall\Runtime\Cache\admin\ceae5910a4d2402ed7bfd1caf6bdbd42.php 第 35 行.
NOTIC: [8] Undefined variable: vo E:\www\mytmall\Runtime\Cache\admin\ceae5910a4d2402ed7bfd1caf6bdbd42.php 第 36 行.
NOTIC: [8] Undefined variable: vo E:\www\mytmall\Runtime\Cache\admin\ceae5910a4d2402ed7bfd1caf6bdbd42.php 第 37 行.
NOTIC: [8] Undefined variable: vo E:\www\mytmall\Runtime\Cache\admin\ceae5910a4d2402ed7bfd1caf6bdbd42.php 第 38 行.
NOTIC: [8] Undefined variable: vo E:\www\mytmall\Runtime\Cache\admin\ceae5910a4d2402ed7bfd1caf6bdbd42.php 第 39 行.
NOTIC: [8] Undefined variable: vo E:\www\mytmall\Runtime\Cache\admin\ceae5910a4d2402ed7bfd1caf6bdbd42.php 第 40 行.
NOTIC: [8] Undefined index:  ProductList E:\www\mytmall\Runtime\Cache\admin\ceae5910a4d2402ed7bfd1caf6bdbd42.php 第 88 行.
INFO: Run ParseTemplate Behavior [ RunTime:0.016501s ]
INFO: [ view_parse ] --END-- [ RunTime:0.016608s ]
INFO: [ view_filter ] --START--
INFO: Run ContentReplace Behavior [ RunTime:0.001114s ]
INFO: Run TokenBuild Behavior [ RunTime:0.001027s ]
INFO: Run WriteHtmlCache Behavior [ RunTime:0.000982s ]
INFO: Run ShowRuntime Behavior [ RunTime:0.001394s ]
INFO: [ view_filter ] --END-- [ RunTime:0.004712s ]
INFO: [ view_end ] --START--
INFO: Run ShowPageTrace Behavior [ RunTime:0.001565s ]
INFO: [ view_end ] --END-- [ RunTime:0.001646s ]

[ 2013-05-30T22:26:01+08:00 ] 127.0.0.1 /index.php/admin/ProductClassify/addClass
INFO: [ route_check ] --START--
INFO: Run CheckRoute Behavior [ RunTime:0.001461s ]
INFO: [ route_check ] --END-- [ RunTime:0.001641s ]
INFO: [ app_begin ] --START--
INFO: Run ReadHtmlCache Behavior [ RunTime:0.001047s ]
INFO: [ app_begin ] --END-- [ RunTime:0.001228s ]
SQL: SHOW COLUMNS FROM `shop_productclassify` [ RunTime:0.007760s ]
SQL: INSERT INTO `shop_productclassify` (`Iden`,`IdenAlias`) VALUES ('aa','sss') [ RunTime:0.045701s ]
SQL: SELECT * FROM `shop_productclassify` WHERE ( `Id` = 3 ) LIMIT 1   [ RunTime:0.000453s ]

[ 2013-05-30T22:26:22+08:00 ] 127.0.0.1 /index.php/admin/ProductClassify/
INFO: [ route_check ] --START--
INFO: Run CheckRoute Behavior [ RunTime:0.001147s ]
INFO: [ route_check ] --END-- [ RunTime:0.001269s ]
INFO: [ app_begin ] --START--
INFO: Run ReadHtmlCache Behavior [ RunTime:0.000643s ]
INFO: [ app_begin ] --END-- [ RunTime:0.000727s ]
SQL: SHOW COLUMNS FROM `shop_productclassify` [ RunTime:0.004028s ]
SQL: SELECT COUNT(*) AS tp_count FROM `shop_productclassify` LIMIT 1   [ RunTime:0.002714s ]
SQL: SELECT * FROM `shop_productclassify` LIMIT 0,25   [ RunTime:0.000328s ]
INFO: [ view_template ] --START--
INFO: Run LocationTemplate Behavior [ RunTime:0.000680s ]
INFO: [ view_template ] --END-- [ RunTime:0.000781s ]
INFO: [ view_parse ] --START--
NOTIC: [8] Undefined variable: vo E:\www\mytmall\Runtime\Cache\admin\ceae5910a4d2402ed7bfd1caf6bdbd42.php 第 35 行.
NOTIC: [8] Undefined variable: vo E:\www\mytmall\Runtime\Cache\admin\ceae5910a4d2402ed7bfd1caf6bdbd42.php 第 36 行.
NOTIC: [8] Undefined variable: vo E:\www\mytmall\Runtime\Cache\admin\ceae5910a4d2402ed7bfd1caf6bdbd42.php 第 37 行.
NOTIC: [8] Undefined variable: vo E:\www\mytmall\Runtime\Cache\admin\ceae5910a4d2402ed7bfd1caf6bdbd42.php 第 38 行.
NOTIC: [8] Undefined variable: vo E:\www\mytmall\Runtime\Cache\admin\ceae5910a4d2402ed7bfd1caf6bdbd42.php 第 39 行.
NOTIC: [8] Undefined variable: vo E:\www\mytmall\Runtime\Cache\admin\ceae5910a4d2402ed7bfd1caf6bdbd42.php 第 40 行.
NOTIC: [8] Undefined index:  ProductList E:\www\mytmall\Runtime\Cache\admin\ceae5910a4d2402ed7bfd1caf6bdbd42.php 第 88 行.
NOTIC: [8] Undefined index:  ProductList E:\www\mytmall\Runtime\Cache\admin\ceae5910a4d2402ed7bfd1caf6bdbd42.php 第 88 行.
INFO: Run ParseTemplate Behavior [ RunTime:0.012925s ]
INFO: [ view_parse ] --END-- [ RunTime:0.013035s ]
INFO: [ view_filter ] --START--
INFO: Run ContentReplace Behavior [ RunTime:0.000724s ]
INFO: Run TokenBuild Behavior [ RunTime:0.000721s ]
INFO: Run WriteHtmlCache Behavior [ RunTime:0.000507s ]
INFO: Run ShowRuntime Behavior [ RunTime:0.000913s ]
INFO: [ view_filter ] --END-- [ RunTime:0.003225s ]
INFO: [ view_end ] --START--
INFO: Run ShowPageTrace Behavior [ RunTime:0.001192s ]
INFO: [ view_end ] --END-- [ RunTime:0.001315s ]

[ 2013-05-30T22:26:28+08:00 ] 127.0.0.1 /index.php/admin/ProductClassify/addClass
INFO: [ route_check ] --START--
INFO: Run CheckRoute Behavior [ RunTime:0.001365s ]
INFO: [ route_check ] --END-- [ RunTime:0.001538s ]
INFO: [ app_begin ] --START--
INFO: Run ReadHtmlCache Behavior [ RunTime:0.000923s ]
INFO: [ app_begin ] --END-- [ RunTime:0.001059s ]
SQL: SHOW COLUMNS FROM `shop_productclassify` [ RunTime:0.004890s ]
SQL: INSERT INTO `shop_productclassify` (`Iden`,`IdenAlias`) VALUES ('lsldls','lslsls') [ RunTime:0.035371s ]
SQL: SELECT * FROM `shop_productclassify` WHERE ( `Id` = 4 ) LIMIT 1   [ RunTime:0.000510s ]

[ 2013-05-30T22:28:02+08:00 ] 127.0.0.1 /index.php/admin/ProductClassify/
INFO: [ route_check ] --START--
INFO: Run CheckRoute Behavior [ RunTime:0.001517s ]
INFO: [ route_check ] --END-- [ RunTime:0.001621s ]
INFO: [ app_begin ] --START--
INFO: Run ReadHtmlCache Behavior [ RunTime:0.001198s ]
INFO: [ app_begin ] --END-- [ RunTime:0.001274s ]
SQL: SHOW COLUMNS FROM `shop_productclassify` [ RunTime:0.004987s ]
SQL: SELECT COUNT(*) AS tp_count FROM `shop_productclassify` LIMIT 1   [ RunTime:0.001567s ]
SQL: SELECT * FROM `shop_productclassify` LIMIT 0,25   [ RunTime:0.000225s ]
INFO: [ view_template ] --START--
INFO: Run LocationTemplate Behavior [ RunTime:0.002318s ]
INFO: [ view_template ] --END-- [ RunTime:0.002409s ]
INFO: [ view_parse ] --START--
NOTIC: [8] Undefined index:  ProductList E:\www\mytmall\Runtime\Cache\admin\ceae5910a4d2402ed7bfd1caf6bdbd42.php 第 88 行.
NOTIC: [8] Undefined index:  ProductList E:\www\mytmall\Runtime\Cache\admin\ceae5910a4d2402ed7bfd1caf6bdbd42.php 第 88 行.
NOTIC: [8] Undefined index:  ProductList E:\www\mytmall\Runtime\Cache\admin\ceae5910a4d2402ed7bfd1caf6bdbd42.php 第 88 行.
INFO: Run ParseTemplate Behavior [ RunTime:0.014081s ]
INFO: [ view_parse ] --END-- [ RunTime:0.014160s ]
INFO: [ view_filter ] --START--
INFO: Run ContentReplace Behavior [ RunTime:0.001364s ]
INFO: Run TokenBuild Behavior [ RunTime:0.001453s ]
INFO: Run WriteHtmlCache Behavior [ RunTime:0.002440s ]
INFO: Run ShowRuntime Behavior [ RunTime:0.001355s ]
INFO: [ view_filter ] --END-- [ RunTime:0.006884s ]
INFO: [ view_end ] --START--
INFO: Run ShowPageTrace Behavior [ RunTime:0.001853s ]
INFO: [ view_end ] --END-- [ RunTime:0.001949s ]

[ 2013-05-30T22:28:08+08:00 ] 127.0.0.1 /index.php/admin/ProductClassify/addClass
INFO: [ route_check ] --START--
INFO: Run CheckRoute Behavior [ RunTime:0.001396s ]
INFO: [ route_check ] --END-- [ RunTime:0.001616s ]
INFO: [ app_begin ] --START--
INFO: Run ReadHtmlCache Behavior [ RunTime:0.000843s ]
INFO: [ app_begin ] --END-- [ RunTime:0.000981s ]
SQL: SHOW COLUMNS FROM `shop_productclassify` [ RunTime:0.006410s ]
SQL: INSERT INTO `shop_productclassify` (`Iden`,`IdenAlias`) VALUES ('lsls','lslsl') [ RunTime:0.063648s ]
SQL: SELECT * FROM `shop_productclassify` WHERE ( `Id` = 5 ) LIMIT 1   [ RunTime:0.000383s ]

[ 2013-05-30T22:28:34+08:00 ] 127.0.0.1 /index.php/admin/ProductClassify/
INFO: [ route_check ] --START--
INFO: Run CheckRoute Behavior [ RunTime:0.001376s ]
INFO: [ route_check ] --END-- [ RunTime:0.001541s ]
INFO: [ app_begin ] --START--
INFO: Run ReadHtmlCache Behavior [ RunTime:0.000991s ]
INFO: [ app_begin ] --END-- [ RunTime:0.001145s ]
SQL: SHOW COLUMNS FROM `shop_productclassify` [ RunTime:0.004726s ]
SQL: SELECT COUNT(*) AS tp_count FROM `shop_productclassify` LIMIT 1   [ RunTime:0.001746s ]
SQL: SELECT * FROM `shop_productclassify` ORDER BY Id desc LIMIT 0,25   [ RunTime:0.000392s ]
INFO: [ view_template ] --START--
INFO: Run LocationTemplate Behavior [ RunTime:0.000873s ]
INFO: [ view_template ] --END-- [ RunTime:0.001016s ]
INFO: [ view_parse ] --START--
NOTIC: [8] Undefined index:  ProductList E:\www\mytmall\Runtime\Cache\admin\ceae5910a4d2402ed7bfd1caf6bdbd42.php 第 88 行.
NOTIC: [8] Undefined index:  ProductList E:\www\mytmall\Runtime\Cache\admin\ceae5910a4d2402ed7bfd1caf6bdbd42.php 第 88 行.
NOTIC: [8] Undefined index:  ProductList E:\www\mytmall\Runtime\Cache\admin\ceae5910a4d2402ed7bfd1caf6bdbd42.php 第 88 行.
NOTIC: [8] Undefined index:  ProductList E:\www\mytmall\Runtime\Cache\admin\ceae5910a4d2402ed7bfd1caf6bdbd42.php 第 88 行.
INFO: Run ParseTemplate Behavior [ RunTime:0.011290s ]
INFO: [ view_parse ] --END-- [ RunTime:0.011387s ]
INFO: [ view_filter ] --START--
INFO: Run ContentReplace Behavior [ RunTime:0.000487s ]
INFO: Run TokenBuild Behavior [ RunTime:0.000421s ]
INFO: Run WriteHtmlCache Behavior [ RunTime:0.000298s ]
INFO: Run ShowRuntime Behavior [ RunTime:0.000602s ]
INFO: [ view_filter ] --END-- [ RunTime:0.001985s ]
INFO: [ view_end ] --START--
INFO: Run ShowPageTrace Behavior [ RunTime:0.000855s ]
INFO: [ view_end ] --END-- [ RunTime:0.000955s ]

[ 2013-05-30T22:29:47+08:00 ] 127.0.0.1 /index.php/admin/ProductClassify/
INFO: [ route_check ] --START--
INFO: Run CheckRoute Behavior [ RunTime:0.000891s ]
INFO: [ route_check ] --END-- [ RunTime:0.000988s ]
INFO: [ app_begin ] --START--
INFO: Run ReadHtmlCache Behavior [ RunTime:0.000753s ]
INFO: [ app_begin ] --END-- [ RunTime:0.000853s ]
SQL: SHOW COLUMNS FROM `shop_productclassify` [ RunTime:0.004002s ]
SQL: SELECT COUNT(*) AS tp_count FROM `shop_productclassify` LIMIT 1   [ RunTime:0.002125s ]
SQL: SELECT * FROM `shop_productclassify` ORDER BY Id desc LIMIT 0,25   [ RunTime:0.000250s ]
INFO: [ view_template ] --START--
INFO: Run LocationTemplate Behavior [ RunTime:0.000656s ]
INFO: [ view_template ] --END-- [ RunTime:0.000735s ]
INFO: [ view_parse ] --START--
NOTIC: [8] Undefined index:  ProductList E:\www\mytmall\Runtime\Cache\admin\ceae5910a4d2402ed7bfd1caf6bdbd42.php 第 101 行.
NOTIC: [8] Undefined index:  ProductList E:\www\mytmall\Runtime\Cache\admin\ceae5910a4d2402ed7bfd1caf6bdbd42.php 第 101 行.
NOTIC: [8] Undefined index:  ProductList E:\www\mytmall\Runtime\Cache\admin\ceae5910a4d2402ed7bfd1caf6bdbd42.php 第 101 行.
NOTIC: [8] Undefined index:  ProductList E:\www\mytmall\Runtime\Cache\admin\ceae5910a4d2402ed7bfd1caf6bdbd42.php 第 101 行.
INFO: Run ParseTemplate Behavior [ RunTime:0.011448s ]
INFO: [ view_parse ] --END-- [ RunTime:0.011575s ]
INFO: [ view_filter ] --START--
INFO: Run ContentReplace Behavior [ RunTime:0.000782s ]
INFO: Run TokenBuild Behavior [ RunTime:0.000599s ]
INFO: Run WriteHtmlCache Behavior [ RunTime:0.000406s ]
INFO: Run ShowRuntime Behavior [ RunTime:0.000673s ]
INFO: [ view_filter ] --END-- [ RunTime:0.002733s ]
INFO: [ view_end ] --START--
INFO: Run ShowPageTrace Behavior [ RunTime:0.000875s ]
INFO: [ view_end ] --END-- [ RunTime:0.000970s ]

[ 2013-05-30T22:30:24+08:00 ] 127.0.0.1 /index.php/admin/ProductClassify/
INFO: [ route_check ] --START--
INFO: Run CheckRoute Behavior [ RunTime:0.001522s ]
INFO: [ route_check ] --END-- [ RunTime:0.001643s ]
INFO: [ app_begin ] --START--
INFO: Run ReadHtmlCache Behavior [ RunTime:0.001304s ]
INFO: [ app_begin ] --END-- [ RunTime:0.001396s ]
SQL: SHOW COLUMNS FROM `shop_productclassify` [ RunTime:0.003785s ]
SQL: SELECT COUNT(*) AS tp_count FROM `shop_productclassify` LIMIT 1   [ RunTime:0.001746s ]
SQL: SELECT * FROM `shop_productclassify` ORDER BY Id desc LIMIT 0,25   [ RunTime:0.000258s ]
INFO: [ view_template ] --START--
INFO: Run LocationTemplate Behavior [ RunTime:0.002361s ]
INFO: [ view_template ] --END-- [ RunTime:0.002447s ]
INFO: [ view_parse ] --START--
NOTIC: [8] Undefined index:  ProductList E:\www\mytmall\Runtime\Cache\admin\ceae5910a4d2402ed7bfd1caf6bdbd42.php 第 100 行.
NOTIC: [8] Undefined index:  ProductList E:\www\mytmall\Runtime\Cache\admin\ceae5910a4d2402ed7bfd1caf6bdbd42.php 第 100 行.
NOTIC: [8] Undefined index:  ProductList E:\www\mytmall\Runtime\Cache\admin\ceae5910a4d2402ed7bfd1caf6bdbd42.php 第 100 行.
NOTIC: [8] Undefined index:  ProductList E:\www\mytmall\Runtime\Cache\admin\ceae5910a4d2402ed7bfd1caf6bdbd42.php 第 100 行.
INFO: Run ParseTemplate Behavior [ RunTime:0.017504s ]
INFO: [ view_parse ] --END-- [ RunTime:0.017581s ]
INFO: [ view_filter ] --START--
INFO: Run ContentReplace Behavior [ RunTime:0.007143s ]
INFO: Run TokenBuild Behavior [ RunTime:0.001711s ]
INFO: Run WriteHtmlCache Behavior [ RunTime:0.001923s ]
INFO: Run ShowRuntime Behavior [ RunTime:0.002183s ]
INFO: [ view_filter ] --END-- [ RunTime:0.013323s ]
INFO: [ view_end ] --START--
INFO: Run ShowPageTrace Behavior [ RunTime:0.002416s ]
INFO: [ view_end ] --END-- [ RunTime:0.002527s ]

[ 2013-05-30T22:30:27+08:00 ] 127.0.0.1 /index.php/admin/ProductClassify/delClass
INFO: [ route_check ] --START--
INFO: Run CheckRoute Behavior [ RunTime:0.000932s ]
INFO: [ route_check ] --END-- [ RunTime:0.001059s ]
INFO: [ app_begin ] --START--
INFO: Run ReadHtmlCache Behavior [ RunTime:0.000685s ]
INFO: [ app_begin ] --END-- [ RunTime:0.000782s ]
SQL: SHOW COLUMNS FROM `shop_productclassify` [ RunTime:0.004855s ]
SQL: DELETE FROM `shop_productclassify` WHERE ( `Id` = 2 ) [ RunTime:0.037449s ]

[ 2013-05-30T22:30:30+08:00 ] 127.0.0.1 /index.php/admin/ProductClassify/delClass
INFO: [ route_check ] --START--
INFO: Run CheckRoute Behavior [ RunTime:0.002103s ]
INFO: [ route_check ] --END-- [ RunTime:0.002294s ]
INFO: [ app_begin ] --START--
INFO: Run ReadHtmlCache Behavior [ RunTime:0.000674s ]
INFO: [ app_begin ] --END-- [ RunTime:0.000753s ]
SQL: SHOW COLUMNS FROM `shop_productclassify` [ RunTime:0.005393s ]
SQL: DELETE FROM `shop_productclassify` WHERE ( `Id` = 3 ) [ RunTime:0.017522s ]

[ 2013-05-30T22:34:27+08:00 ] 127.0.0.1 /index.php/admin/ProductClassify/
INFO: [ route_check ] --START--
INFO: Run CheckRoute Behavior [ RunTime:0.001582s ]
INFO: [ route_check ] --END-- [ RunTime:0.001701s ]
INFO: [ app_begin ] --START--
INFO: Run ReadHtmlCache Behavior [ RunTime:0.001252s ]
INFO: [ app_begin ] --END-- [ RunTime:0.001339s ]
SQL: SHOW COLUMNS FROM `shop_productclassify` [ RunTime:0.003953s ]
SQL: SELECT COUNT(*) AS tp_count FROM `shop_productclassify` LIMIT 1   [ RunTime:0.002566s ]
SQL: SELECT * FROM `shop_productclassify` ORDER BY Id desc LIMIT 0,25   [ RunTime:0.000326s ]
INFO: [ view_template ] --START--
INFO: Run LocationTemplate Behavior [ RunTime:0.002240s ]
INFO: [ view_template ] --END-- [ RunTime:0.002329s ]
INFO: [ view_parse ] --START--
NOTIC: [8] Undefined index:  ProductList E:\www\mytmall\Runtime\Cache\admin\ceae5910a4d2402ed7bfd1caf6bdbd42.php 第 101 行.
NOTIC: [8] Undefined index:  ProductList E:\www\mytmall\Runtime\Cache\admin\ceae5910a4d2402ed7bfd1caf6bdbd42.php 第 101 行.
INFO: Run ParseTemplate Behavior [ RunTime:0.015087s ]
INFO: [ view_parse ] --END-- [ RunTime:0.015165s ]
INFO: [ view_filter ] --START--
INFO: Run ContentReplace Behavior [ RunTime:0.001096s ]
INFO: Run TokenBuild Behavior [ RunTime:0.001030s ]
INFO: Run WriteHtmlCache Behavior [ RunTime:0.001684s ]
INFO: Run ShowRuntime Behavior [ RunTime:0.001637s ]
INFO: [ view_filter ] --END-- [ RunTime:0.005680s ]
INFO: [ view_end ] --START--
INFO: Run ShowPageTrace Behavior [ RunTime:0.001330s ]
INFO: [ view_end ] --END-- [ RunTime:0.001397s ]

[ 2013-05-30T22:34:30+08:00 ] 127.0.0.1 /index.php/admin/ProductClassify/getClass
INFO: [ route_check ] --START--
INFO: Run CheckRoute Behavior [ RunTime:0.000897s ]
INFO: [ route_check ] --END-- [ RunTime:0.001013s ]
INFO: [ app_begin ] --START--
INFO: Run ReadHtmlCache Behavior [ RunTime:0.000614s ]
INFO: [ app_begin ] --END-- [ RunTime:0.000685s ]
SQL: SHOW COLUMNS FROM `shop_productclassify` [ RunTime:0.003353s ]
SQL: SELECT * FROM `shop_productclassify` WHERE ( `Id` = 5 ) LIMIT 1   [ RunTime:0.001339s ]

[ 2013-05-30T22:36:05+08:00 ] 127.0.0.1 /index.php/admin/ProductClassify/
INFO: [ route_check ] --START--
INFO: Run CheckRoute Behavior [ RunTime:0.000917s ]
INFO: [ route_check ] --END-- [ RunTime:0.001024s ]
INFO: [ app_begin ] --START--
INFO: Run ReadHtmlCache Behavior [ RunTime:0.000585s ]
INFO: [ app_begin ] --END-- [ RunTime:0.000656s ]
SQL: SHOW COLUMNS FROM `shop_productclassify` [ RunTime:0.003949s ]
SQL: SELECT COUNT(*) AS tp_count FROM `shop_productclassify` LIMIT 1   [ RunTime:0.001584s ]
SQL: SELECT * FROM `shop_productclassify` ORDER BY Id desc LIMIT 0,25   [ RunTime:0.000305s ]
INFO: [ view_template ] --START--
INFO: Run LocationTemplate Behavior [ RunTime:0.000579s ]
INFO: [ view_template ] --END-- [ RunTime:0.000648s ]
INFO: [ view_parse ] --START--
NOTIC: [8] Undefined index:  ProductList E:\www\mytmall\Runtime\Cache\admin\ceae5910a4d2402ed7bfd1caf6bdbd42.php 第 110 行.
NOTIC: [8] Undefined index:  ProductList E:\www\mytmall\Runtime\Cache\admin\ceae5910a4d2402ed7bfd1caf6bdbd42.php 第 110 行.
INFO: Run ParseTemplate Behavior [ RunTime:0.012195s ]
INFO: [ view_parse ] --END-- [ RunTime:0.012270s ]
INFO: [ view_filter ] --START--
INFO: Run ContentReplace Behavior [ RunTime:0.000529s ]
INFO: Run TokenBuild Behavior [ RunTime:0.000417s ]
INFO: Run WriteHtmlCache Behavior [ RunTime:0.000303s ]
INFO: Run ShowRuntime Behavior [ RunTime:0.000544s ]
INFO: [ view_filter ] --END-- [ RunTime:0.001963s ]
INFO: [ view_end ] --START--
INFO: Run ShowPageTrace Behavior [ RunTime:0.000754s ]
INFO: [ view_end ] --END-- [ RunTime:0.000871s ]

[ 2013-05-30T22:36:07+08:00 ] 127.0.0.1 /index.php/admin/ProductClassify/getClass
INFO: [ route_check ] --START--
INFO: Run CheckRoute Behavior [ RunTime:0.000911s ]
INFO: [ route_check ] --END-- [ RunTime:0.001028s ]
INFO: [ app_begin ] --START--
INFO: Run ReadHtmlCache Behavior [ RunTime:0.000574s ]
INFO: [ app_begin ] --END-- [ RunTime:0.000637s ]
SQL: SHOW COLUMNS FROM `shop_productclassify` [ RunTime:0.004010s ]
SQL: SELECT * FROM `shop_productclassify` WHERE ( `Id` = 5 ) LIMIT 1   [ RunTime:0.001188s ]

[ 2013-05-30T22:36:28+08:00 ] 127.0.0.1 /index.php/admin/ProductClassify/
INFO: [ route_check ] --START--
INFO: Run CheckRoute Behavior [ RunTime:0.002397s ]
INFO: [ route_check ] --END-- [ RunTime:0.002572s ]
INFO: [ app_begin ] --START--
INFO: Run ReadHtmlCache Behavior [ RunTime:0.001415s ]
INFO: [ app_begin ] --END-- [ RunTime:0.001528s ]
SQL: SHOW COLUMNS FROM `shop_productclassify` [ RunTime:0.003994s ]
SQL: SELECT COUNT(*) AS tp_count FROM `shop_productclassify` LIMIT 1   [ RunTime:0.001594s ]
SQL: SELECT * FROM `shop_productclassify` ORDER BY Id desc LIMIT 0,25   [ RunTime:0.000302s ]
INFO: [ view_template ] --START--
INFO: Run LocationTemplate Behavior [ RunTime:0.002399s ]
INFO: [ view_template ] --END-- [ RunTime:0.002495s ]
INFO: [ view_parse ] --START--
NOTIC: [8] Undefined index:  ProductList E:\www\mytmall\Runtime\Cache\admin\ceae5910a4d2402ed7bfd1caf6bdbd42.php 第 109 行.
NOTIC: [8] Undefined index:  ProductList E:\www\mytmall\Runtime\Cache\admin\ceae5910a4d2402ed7bfd1caf6bdbd42.php 第 109 行.
INFO: Run ParseTemplate Behavior [ RunTime:0.016247s ]
INFO: [ view_parse ] --END-- [ RunTime:0.016345s ]
INFO: [ view_filter ] --START--
INFO: Run ContentReplace Behavior [ RunTime:0.001541s ]
INFO: Run TokenBuild Behavior [ RunTime:0.001576s ]
INFO: Run WriteHtmlCache Behavior [ RunTime:0.001584s ]
INFO: Run ShowRuntime Behavior [ RunTime:0.001645s ]
INFO: [ view_filter ] --END-- [ RunTime:0.006783s ]
INFO: [ view_end ] --START--
INFO: Run ShowPageTrace Behavior [ RunTime:0.001828s ]
INFO: [ view_end ] --END-- [ RunTime:0.001935s ]

[ 2013-05-30T22:36:31+08:00 ] 127.0.0.1 /index.php/admin/ProductClassify/getClass
INFO: [ route_check ] --START--
INFO: Run CheckRoute Behavior [ RunTime:0.000981s ]
INFO: [ route_check ] --END-- [ RunTime:0.001102s ]
INFO: [ app_begin ] --START--
INFO: Run ReadHtmlCache Behavior [ RunTime:0.000641s ]
INFO: [ app_begin ] --END-- [ RunTime:0.000723s ]
SQL: SHOW COLUMNS FROM `shop_productclassify` [ RunTime:0.004886s ]
SQL: SELECT * FROM `shop_productclassify` WHERE ( `Id` = 4 ) LIMIT 1   [ RunTime:0.001677s ]

[ 2013-05-30T22:36:50+08:00 ] 127.0.0.1 /index.php/admin/ProductClassify/
INFO: [ route_check ] --START--
INFO: Run CheckRoute Behavior [ RunTime:0.001440s ]
INFO: [ route_check ] --END-- [ RunTime:0.001578s ]
INFO: [ app_begin ] --START--
INFO: Run ReadHtmlCache Behavior [ RunTime:0.000959s ]
INFO: [ app_begin ] --END-- [ RunTime:0.001077s ]
SQL: SHOW COLUMNS FROM `shop_productclassify` [ RunTime:0.010855s ]
SQL: SELECT COUNT(*) AS tp_count FROM `shop_productclassify` LIMIT 1   [ RunTime:0.003346s ]
SQL: SELECT * FROM `shop_productclassify` ORDER BY Id desc LIMIT 0,25   [ RunTime:0.000357s ]
INFO: [ view_template ] --START--
INFO: Run LocationTemplate Behavior [ RunTime:0.000626s ]
INFO: [ view_template ] --END-- [ RunTime:0.000700s ]
INFO: [ view_parse ] --START--
NOTIC: [8] Undefined index:  ProductList E:\www\mytmall\Runtime\Cache\admin\ceae5910a4d2402ed7bfd1caf6bdbd42.php 第 109 行.
NOTIC: [8] Undefined index:  ProductList E:\www\mytmall\Runtime\Cache\admin\ceae5910a4d2402ed7bfd1caf6bdbd42.php 第 109 行.
INFO: Run ParseTemplate Behavior [ RunTime:0.016255s ]
INFO: [ view_parse ] --END-- [ RunTime:0.016406s ]
INFO: [ view_filter ] --START--
INFO: Run ContentReplace Behavior [ RunTime:0.000670s ]
INFO: Run TokenBuild Behavior [ RunTime:0.000616s ]
INFO: Run WriteHtmlCache Behavior [ RunTime:0.000479s ]
INFO: Run ShowRuntime Behavior [ RunTime:0.000821s ]
INFO: [ view_filter ] --END-- [ RunTime:0.002891s ]
INFO: [ view_end ] --START--
INFO: Run ShowPageTrace Behavior [ RunTime:0.001209s ]
INFO: [ view_end ] --END-- [ RunTime:0.001341s ]

[ 2013-05-30T22:36:52+08:00 ] 127.0.0.1 /index.php/admin/ProductClassify/getClass
INFO: [ route_check ] --START--
INFO: Run CheckRoute Behavior [ RunTime:0.001515s ]
INFO: [ route_check ] --END-- [ RunTime:0.001629s ]
INFO: [ app_begin ] --START--
INFO: Run ReadHtmlCache Behavior [ RunTime:0.001788s ]
INFO: [ app_begin ] --END-- [ RunTime:0.001930s ]
SQL: SHOW COLUMNS FROM `shop_productclassify` [ RunTime:0.004744s ]
SQL: SELECT * FROM `shop_productclassify` WHERE ( `Id` = 4 ) LIMIT 1   [ RunTime:0.001545s ]

[ 2013-05-30T22:39:39+08:00 ] 127.0.0.1 /index.php/admin/ProductClassify/
INFO: [ route_check ] --START--
INFO: Run CheckRoute Behavior [ RunTime:0.002098s ]
INFO: [ route_check ] --END-- [ RunTime:0.002234s ]
INFO: [ app_begin ] --START--
INFO: Run ReadHtmlCache Behavior [ RunTime:0.001458s ]
INFO: [ app_begin ] --END-- [ RunTime:0.001604s ]
SQL: SHOW COLUMNS FROM `shop_productclassify` [ RunTime:0.005250s ]
SQL: SELECT COUNT(*) AS tp_count FROM `shop_productclassify` LIMIT 1   [ RunTime:0.001805s ]
SQL: SELECT * FROM `shop_productclassify` ORDER BY Id desc LIMIT 0,25   [ RunTime:0.000224s ]
INFO: [ view_template ] --START--
INFO: Run LocationTemplate Behavior [ RunTime:0.002676s ]
INFO: [ view_template ] --END-- [ RunTime:0.002773s ]
INFO: [ view_parse ] --START--
NOTIC: [8] Undefined index:  ProductList E:\www\mytmall\Runtime\Cache\admin\ceae5910a4d2402ed7bfd1caf6bdbd42.php 第 118 行.
NOTIC: [8] Undefined index:  ProductList E:\www\mytmall\Runtime\Cache\admin\ceae5910a4d2402ed7bfd1caf6bdbd42.php 第 118 行.
INFO: Run ParseTemplate Behavior [ RunTime:0.016183s ]
INFO: [ view_parse ] --END-- [ RunTime:0.016257s ]
INFO: [ view_filter ] --START--
INFO: Run ContentReplace Behavior [ RunTime:0.001100s ]
INFO: Run TokenBuild Behavior [ RunTime:0.001509s ]
INFO: Run WriteHtmlCache Behavior [ RunTime:0.001207s ]
INFO: Run ShowRuntime Behavior [ RunTime:0.001372s ]
INFO: [ view_filter ] --END-- [ RunTime:0.005429s ]
INFO: [ view_end ] --START--
INFO: Run ShowPageTrace Behavior [ RunTime:0.002167s ]
INFO: [ view_end ] --END-- [ RunTime:0.002297s ]

[ 2013-05-30T22:40:25+08:00 ] 127.0.0.1 /index.php/admin/ProductClassify/
INFO: [ route_check ] --START--
INFO: Run CheckRoute Behavior [ RunTime:0.002242s ]
INFO: [ route_check ] --END-- [ RunTime:0.002390s ]
INFO: [ app_begin ] --START--
INFO: Run ReadHtmlCache Behavior [ RunTime:0.001308s ]
INFO: [ app_begin ] --END-- [ RunTime:0.001396s ]
SQL: SHOW COLUMNS FROM `shop_productclassify` [ RunTime:0.004360s ]
SQL: SELECT COUNT(*) AS tp_count FROM `shop_productclassify` LIMIT 1   [ RunTime:0.001914s ]
SQL: SELECT * FROM `shop_productclassify` ORDER BY Id desc LIMIT 0,25   [ RunTime:0.000232s ]
INFO: [ view_template ] --START--
INFO: Run LocationTemplate Behavior [ RunTime:0.002264s ]
INFO: [ view_template ] --END-- [ RunTime:0.002342s ]
INFO: [ view_parse ] --START--
NOTIC: [8] Undefined index:  ProductList E:\www\mytmall\Runtime\Cache\admin\ceae5910a4d2402ed7bfd1caf6bdbd42.php 第 117 行.
NOTIC: [8] Undefined index:  ProductList E:\www\mytmall\Runtime\Cache\admin\ceae5910a4d2402ed7bfd1caf6bdbd42.php 第 117 行.
INFO: Run ParseTemplate Behavior [ RunTime:0.018597s ]
INFO: [ view_parse ] --END-- [ RunTime:0.018677s ]
INFO: [ view_filter ] --START--
INFO: Run ContentReplace Behavior [ RunTime:0.001144s ]
INFO: Run TokenBuild Behavior [ RunTime:0.001468s ]
INFO: Run WriteHtmlCache Behavior [ RunTime:0.001410s ]
INFO: Run ShowRuntime Behavior [ RunTime:0.001687s ]
INFO: [ view_filter ] --END-- [ RunTime:0.006005s ]
INFO: [ view_end ] --START--
INFO: Run ShowPageTrace Behavior [ RunTime:0.001534s ]
INFO: [ view_end ] --END-- [ RunTime:0.001651s ]

[ 2013-05-30T22:40:27+08:00 ] 127.0.0.1 /index.php/admin/ProductClassify/getClass
INFO: [ route_check ] --START--
INFO: Run CheckRoute Behavior [ RunTime:0.000907s ]
INFO: [ route_check ] --END-- [ RunTime:0.001028s ]
INFO: [ app_begin ] --START--
INFO: Run ReadHtmlCache Behavior [ RunTime:0.000678s ]
INFO: [ app_begin ] --END-- [ RunTime:0.000763s ]
SQL: SHOW COLUMNS FROM `shop_productclassify` [ RunTime:0.004827s ]
SQL: SELECT * FROM `shop_productclassify` WHERE ( `Id` = 4 ) LIMIT 1   [ RunTime:0.003069s ]

[ 2013-05-30T22:41:26+08:00 ] 127.0.0.1 /index.php/admin/ProductClassify/
INFO: [ route_check ] --START--
INFO: Run CheckRoute Behavior [ RunTime:0.001127s ]
INFO: [ route_check ] --END-- [ RunTime:0.001238s ]
INFO: [ app_begin ] --START--
INFO: Run ReadHtmlCache Behavior [ RunTime:0.000958s ]
INFO: [ app_begin ] --END-- [ RunTime:0.001095s ]
SQL: SHOW COLUMNS FROM `shop_productclassify` [ RunTime:0.004517s ]
SQL: SELECT COUNT(*) AS tp_count FROM `shop_productclassify` LIMIT 1   [ RunTime:0.002990s ]
SQL: SELECT * FROM `shop_productclassify` ORDER BY Id desc LIMIT 0,25   [ RunTime:0.000289s ]
INFO: [ view_template ] --START--
INFO: Run LocationTemplate Behavior [ RunTime:0.000775s ]
INFO: [ view_template ] --END-- [ RunTime:0.000891s ]
INFO: [ view_parse ] --START--
NOTIC: [8] Undefined index:  ProductList E:\www\mytmall\Runtime\Cache\admin\ceae5910a4d2402ed7bfd1caf6bdbd42.php 第 126 行.
NOTIC: [8] Undefined index:  ProductList E:\www\mytmall\Runtime\Cache\admin\ceae5910a4d2402ed7bfd1caf6bdbd42.php 第 126 行.
INFO: Run ParseTemplate Behavior [ RunTime:0.014102s ]
INFO: [ view_parse ] --END-- [ RunTime:0.014203s ]
INFO: [ view_filter ] --START--
INFO: Run ContentReplace Behavior [ RunTime:0.000555s ]
INFO: Run TokenBuild Behavior [ RunTime:0.000424s ]
INFO: Run WriteHtmlCache Behavior [ RunTime:0.000436s ]
INFO: Run ShowRuntime Behavior [ RunTime:0.000557s ]
INFO: [ view_filter ] --END-- [ RunTime:0.002160s ]
INFO: [ view_end ] --START--
INFO: Run ShowPageTrace Behavior [ RunTime:0.000633s ]
INFO: [ view_end ] --END-- [ RunTime:0.000691s ]

[ 2013-05-30T22:41:28+08:00 ] 127.0.0.1 /index.php/admin/ProductClassify/getClass
INFO: [ route_check ] --START--
INFO: Run CheckRoute Behavior [ RunTime:0.000869s ]
INFO: [ route_check ] --END-- [ RunTime:0.000979s ]
INFO: [ app_begin ] --START--
INFO: Run ReadHtmlCache Behavior [ RunTime:0.000595s ]
INFO: [ app_begin ] --END-- [ RunTime:0.000660s ]
SQL: SHOW COLUMNS FROM `shop_productclassify` [ RunTime:0.003580s ]
SQL: SELECT * FROM `shop_productclassify` WHERE ( `Id` = 4 ) LIMIT 1   [ RunTime:0.001301s ]

[ 2013-05-30T22:41:31+08:00 ] 127.0.0.1 /index.php/admin/ProductClassify/updateClass
INFO: [ route_check ] --START--
INFO: Run CheckRoute Behavior [ RunTime:0.001476s ]
INFO: [ route_check ] --END-- [ RunTime:0.001657s ]
INFO: [ app_begin ] --START--
INFO: Run ReadHtmlCache Behavior [ RunTime:0.000970s ]
INFO: [ app_begin ] --END-- [ RunTime:0.001097s ]
SQL: SHOW COLUMNS FROM `shop_productclassify` [ RunTime:0.005716s ]
NOTIC: [8] Undefined variable: data E:\www\mytmall\Lib\Action\Admin\ProductClassifyAction.class.php 第 61 行.

[ 2013-05-30T22:42:55+08:00 ] 127.0.0.1 /index.php/admin/ProductClassify/
INFO: [ route_check ] --START--
INFO: Run CheckRoute Behavior [ RunTime:0.001571s ]
INFO: [ route_check ] --END-- [ RunTime:0.001675s ]
INFO: [ app_begin ] --START--
INFO: Run ReadHtmlCache Behavior [ RunTime:0.001289s ]
INFO: [ app_begin ] --END-- [ RunTime:0.001399s ]
SQL: SHOW COLUMNS FROM `shop_productclassify` [ RunTime:0.004078s ]
SQL: SELECT COUNT(*) AS tp_count FROM `shop_productclassify` LIMIT 1   [ RunTime:0.001869s ]
SQL: SELECT * FROM `shop_productclassify` ORDER BY Id desc LIMIT 0,25   [ RunTime:0.000487s ]
INFO: [ view_template ] --START--
INFO: Run LocationTemplate Behavior [ RunTime:0.002878s ]
INFO: [ view_template ] --END-- [ RunTime:0.002979s ]
INFO: [ view_parse ] --START--
NOTIC: [8] Undefined index:  ProductList E:\www\mytmall\Runtime\Cache\admin\ceae5910a4d2402ed7bfd1caf6bdbd42.php 第 127 行.
NOTIC: [8] Undefined index:  ProductList E:\www\mytmall\Runtime\Cache\admin\ceae5910a4d2402ed7bfd1caf6bdbd42.php 第 127 行.
INFO: Run ParseTemplate Behavior [ RunTime:0.015678s ]
INFO: [ view_parse ] --END-- [ RunTime:0.015763s ]
INFO: [ view_filter ] --START--
INFO: Run ContentReplace Behavior [ RunTime:0.001365s ]
INFO: Run TokenBuild Behavior [ RunTime:0.001212s ]
INFO: Run WriteHtmlCache Behavior [ RunTime:0.001117s ]
INFO: Run ShowRuntime Behavior [ RunTime:0.001121s ]
INFO: [ view_filter ] --END-- [ RunTime:0.005022s ]
INFO: [ view_end ] --START--
INFO: Run ShowPageTrace Behavior [ RunTime:0.001498s ]
INFO: [ view_end ] --END-- [ RunTime:0.001592s ]

[ 2013-05-30T22:42:57+08:00 ] 127.0.0.1 /index.php/admin/ProductClassify/getClass
INFO: [ route_check ] --START--
INFO: Run CheckRoute Behavior [ RunTime:0.001092s ]
INFO: [ route_check ] --END-- [ RunTime:0.001233s ]
INFO: [ app_begin ] --START--
INFO: Run ReadHtmlCache Behavior [ RunTime:0.000828s ]
INFO: [ app_begin ] --END-- [ RunTime:0.000932s ]
SQL: SHOW COLUMNS FROM `shop_productclassify` [ RunTime:0.005669s ]
SQL: SELECT * FROM `shop_productclassify` WHERE ( `Id` = 4 ) LIMIT 1   [ RunTime:0.002679s ]

[ 2013-05-30T22:43:07+08:00 ] 127.0.0.1 /index.php/admin/ProductClassify/updateClass
INFO: [ route_check ] --START--
INFO: Run CheckRoute Behavior [ RunTime:0.001319s ]
INFO: [ route_check ] --END-- [ RunTime:0.002545s ]
INFO: [ app_begin ] --START--
INFO: Run ReadHtmlCache Behavior [ RunTime:0.000754s ]
INFO: [ app_begin ] --END-- [ RunTime:0.000849s ]
SQL: SHOW COLUMNS FROM `shop_productclassify` [ RunTime:0.004934s ]
NOTIC: [8] Undefined variable: data E:\www\mytmall\Lib\Action\Admin\ProductClassifyAction.class.php 第 61 行.

[ 2013-05-30T22:43:11+08:00 ] 127.0.0.1 /index.php/admin/ProductClassify/updateClass
INFO: [ route_check ] --START--
INFO: Run CheckRoute Behavior [ RunTime:0.001357s ]
INFO: [ route_check ] --END-- [ RunTime:0.001528s ]
INFO: [ app_begin ] --START--
INFO: Run ReadHtmlCache Behavior [ RunTime:0.000979s ]
INFO: [ app_begin ] --END-- [ RunTime:0.001116s ]
SQL: SHOW COLUMNS FROM `shop_productclassify` [ RunTime:0.005162s ]
NOTIC: [8] Undefined variable: data E:\www\mytmall\Lib\Action\Admin\ProductClassifyAction.class.php 第 61 行.

[ 2013-05-30T22:43:52+08:00 ] 127.0.0.1 /index.php/admin/ProductClassify/updateClass
INFO: [ route_check ] --START--
INFO: Run CheckRoute Behavior [ RunTime:0.001467s ]
INFO: [ route_check ] --END-- [ RunTime:0.001663s ]
INFO: [ app_begin ] --START--
INFO: Run ReadHtmlCache Behavior [ RunTime:0.000681s ]
INFO: [ app_begin ] --END-- [ RunTime:0.000766s ]
SQL: SHOW COLUMNS FROM `shop_productclassify` [ RunTime:0.005456s ]
SQL: UPDATE `shop_productclassify` SET `Iden`='lsldls',`IdenAlias`='lslslssssssss',`Id`=4 WHERE ( `Id` = 4 ) [ RunTime:0.034231s ]

[ 2013-05-30T22:43:55+08:00 ] 127.0.0.1 /index.php/admin/ProductClassify/
INFO: [ route_check ] --START--
INFO: Run CheckRoute Behavior [ RunTime:0.001312s ]
INFO: [ route_check ] --END-- [ RunTime:0.001458s ]
INFO: [ app_begin ] --START--
INFO: Run ReadHtmlCache Behavior [ RunTime:0.000711s ]
INFO: [ app_begin ] --END-- [ RunTime:0.000802s ]
SQL: SHOW COLUMNS FROM `shop_productclassify` [ RunTime:0.004708s ]
SQL: SELECT COUNT(*) AS tp_count FROM `shop_productclassify` LIMIT 1   [ RunTime:0.001409s ]
SQL: SELECT * FROM `shop_productclassify` ORDER BY Id desc LIMIT 0,25   [ RunTime:0.000253s ]
INFO: [ view_template ] --START--
INFO: Run LocationTemplate Behavior [ RunTime:0.000565s ]
INFO: [ view_template ] --END-- [ RunTime:0.000634s ]
INFO: [ view_parse ] --START--
NOTIC: [8] Undefined index:  ProductList E:\www\mytmall\Runtime\Cache\admin\ceae5910a4d2402ed7bfd1caf6bdbd42.php 第 127 行.
NOTIC: [8] Undefined index:  ProductList E:\www\mytmall\Runtime\Cache\admin\ceae5910a4d2402ed7bfd1caf6bdbd42.php 第 127 行.
INFO: Run ParseTemplate Behavior [ RunTime:0.012391s ]
INFO: [ view_parse ] --END-- [ RunTime:0.012495s ]
INFO: [ view_filter ] --START--
INFO: Run ContentReplace Behavior [ RunTime:0.000657s ]
INFO: Run TokenBuild Behavior [ RunTime:0.000586s ]
INFO: Run WriteHtmlCache Behavior [ RunTime:0.000427s ]
INFO: Run ShowRuntime Behavior [ RunTime:0.000703s ]
INFO: [ view_filter ] --END-- [ RunTime:0.002653s ]
INFO: [ view_end ] --START--
INFO: Run ShowPageTrace Behavior [ RunTime:0.001050s ]
INFO: [ view_end ] --END-- [ RunTime:0.001175s ]

[ 2013-05-30T22:45:36+08:00 ] 127.0.0.1 /index.php/admin/ProductClassify/
INFO: [ route_check ] --START--
INFO: Run CheckRoute Behavior [ RunTime:0.001529s ]
INFO: [ route_check ] --END-- [ RunTime:0.001632s ]
INFO: [ app_begin ] --START--
INFO: Run ReadHtmlCache Behavior [ RunTime:0.001274s ]
INFO: [ app_begin ] --END-- [ RunTime:0.001363s ]
SQL: SHOW COLUMNS FROM `shop_productclassify` [ RunTime:0.003695s ]
SQL: SELECT COUNT(*) AS tp_count FROM `shop_productclassify` LIMIT 1   [ RunTime:0.002309s ]
SQL: SELECT * FROM `shop_productclassify` ORDER BY Id desc LIMIT 0,25   [ RunTime:0.000616s ]
INFO: [ view_template ] --START--
INFO: Run LocationTemplate Behavior [ RunTime:0.003329s ]
INFO: [ view_template ] --END-- [ RunTime:0.003465s ]
INFO: [ view_parse ] --START--
NOTIC: [8] Undefined index:  ProductList E:\www\mytmall\Runtime\Cache\admin\ceae5910a4d2402ed7bfd1caf6bdbd42.php 第 130 行.
NOTIC: [8] Undefined index:  ProductList E:\www\mytmall\Runtime\Cache\admin\ceae5910a4d2402ed7bfd1caf6bdbd42.php 第 130 行.
INFO: Run ParseTemplate Behavior [ RunTime:0.029434s ]
INFO: [ view_parse ] --END-- [ RunTime:0.029555s ]
INFO: [ view_filter ] --START--
INFO: Run ContentReplace Behavior [ RunTime:0.002390s ]
INFO: Run TokenBuild Behavior [ RunTime:0.001641s ]
INFO: Run WriteHtmlCache Behavior [ RunTime:0.001769s ]
INFO: Run ShowRuntime Behavior [ RunTime:0.001805s ]
INFO: [ view_filter ] --END-- [ RunTime:0.008000s ]
INFO: [ view_end ] --START--
INFO: Run ShowPageTrace Behavior [ RunTime:0.002078s ]
INFO: [ view_end ] --END-- [ RunTime:0.002204s ]

[ 2013-05-30T22:46:00+08:00 ] 127.0.0.1 /index.php/admin/ProductClassify/
INFO: [ route_check ] --START--
INFO: Run CheckRoute Behavior [ RunTime:0.000922s ]
INFO: [ route_check ] --END-- [ RunTime:0.001020s ]
INFO: [ app_begin ] --START--
INFO: Run ReadHtmlCache Behavior [ RunTime:0.000604s ]
INFO: [ app_begin ] --END-- [ RunTime:0.000691s ]
SQL: SHOW COLUMNS FROM `shop_productclassify` [ RunTime:0.004430s ]
SQL: SELECT COUNT(*) AS tp_count FROM `shop_productclassify` LIMIT 1   [ RunTime:0.001337s ]
SQL: SELECT * FROM `shop_productclassify` ORDER BY Id desc LIMIT 0,25   [ RunTime:0.000247s ]
INFO: [ view_template ] --START--
INFO: Run LocationTemplate Behavior [ RunTime:0.000787s ]
INFO: [ view_template ] --END-- [ RunTime:0.000891s ]
INFO: [ view_parse ] --START--
NOTIC: [8] Undefined index:  ProductList E:\www\mytmall\Runtime\Cache\admin\ceae5910a4d2402ed7bfd1caf6bdbd42.php 第 130 行.
NOTIC: [8] Undefined index:  ProductList E:\www\mytmall\Runtime\Cache\admin\ceae5910a4d2402ed7bfd1caf6bdbd42.php 第 130 行.
INFO: Run ParseTemplate Behavior [ RunTime:0.013189s ]
INFO: [ view_parse ] --END-- [ RunTime:0.013338s ]
INFO: [ view_filter ] --START--
INFO: Run ContentReplace Behavior [ RunTime:0.000687s ]
INFO: Run TokenBuild Behavior [ RunTime:0.000552s ]
INFO: Run WriteHtmlCache Behavior [ RunTime:0.000401s ]
INFO: Run ShowRuntime Behavior [ RunTime:0.000735s ]
INFO: [ view_filter ] --END-- [ RunTime:0.002623s ]
INFO: [ view_end ] --START--
INFO: Run ShowPageTrace Behavior [ RunTime:0.000960s ]
INFO: [ view_end ] --END-- [ RunTime:0.001068s ]

[ 2013-05-30T22:46:23+08:00 ] 127.0.0.1 /index.php/admin/ProductClassify/
INFO: [ route_check ] --START--
INFO: Run CheckRoute Behavior [ RunTime:0.001146s ]
INFO: [ route_check ] --END-- [ RunTime:0.001258s ]
INFO: [ app_begin ] --START--
INFO: Run ReadHtmlCache Behavior [ RunTime:0.000693s ]
INFO: [ app_begin ] --END-- [ RunTime:0.000785s ]
SQL: SHOW COLUMNS FROM `shop_productclassify` [ RunTime:0.003522s ]
SQL: SELECT COUNT(*) AS tp_count FROM `shop_productclassify` LIMIT 1   [ RunTime:0.001614s ]
SQL: SELECT * FROM `shop_productclassify` ORDER BY Id desc LIMIT 0,25   [ RunTime:0.000262s ]
INFO: [ view_template ] --START--
INFO: Run LocationTemplate Behavior [ RunTime:0.000627s ]
INFO: [ view_template ] --END-- [ RunTime:0.000703s ]
INFO: [ view_parse ] --START--
NOTIC: [8] Undefined index:  ProductList E:\www\mytmall\Runtime\Cache\admin\ceae5910a4d2402ed7bfd1caf6bdbd42.php 第 130 行.
NOTIC: [8] Undefined index:  ProductList E:\www\mytmall\Runtime\Cache\admin\ceae5910a4d2402ed7bfd1caf6bdbd42.php 第 130 行.
INFO: Run ParseTemplate Behavior [ RunTime:0.010985s ]
INFO: [ view_parse ] --END-- [ RunTime:0.011061s ]
INFO: [ view_filter ] --START--
INFO: Run ContentReplace Behavior [ RunTime:0.000548s ]
INFO: Run TokenBuild Behavior [ RunTime:0.000446s ]
INFO: Run WriteHtmlCache Behavior [ RunTime:0.000307s ]
INFO: Run ShowRuntime Behavior [ RunTime:0.000516s ]
INFO: [ view_filter ] --END-- [ RunTime:0.001996s ]
INFO: [ view_end ] --START--
INFO: Run ShowPageTrace Behavior [ RunTime:0.000653s ]
INFO: [ view_end ] --END-- [ RunTime:0.000717s ]

