[ 2013-05-23T13:41:20+08:00 ] 127.0.0.1 /index.php/admin/Category/index
INFO: [ route_check ] --START--
INFO: Run CheckRoute Behavior [ RunTime:0.000771s ]
INFO: [ route_check ] --END-- [ RunTime:0.000845s ]
INFO: [ app_begin ] --START--
INFO: Run ReadHtmlCache Behavior [ RunTime:0.000505s ]
INFO: [ app_begin ] --END-- [ RunTime:0.000561s ]
SQL: SHOW COLUMNS FROM `shop_category` [ RunTime:0.002324s ]
SQL: SELECT COUNT(*) AS tp_count FROM `shop_category` LIMIT 1   [ RunTime:0.000481s ]
SQL: SELECT * FROM `shop_category` ORDER BY id desc LIMIT 0,25   [ RunTime:0.000204s ]
INFO: [ view_template ] --START--
INFO: Run LocationTemplate Behavior [ RunTime:0.001767s ]
INFO: [ view_template ] --END-- [ RunTime:0.001830s ]
INFO: [ view_parse ] --START--
INFO: Run ParseTemplate Behavior [ RunTime:0.011714s ]
INFO: [ view_parse ] --END-- [ RunTime:0.011779s ]
INFO: [ view_filter ] --START--
INFO: Run ContentReplace Behavior [ RunTime:0.000805s ]
INFO: Run TokenBuild Behavior [ RunTime:0.000808s ]
INFO: Run WriteHtmlCache Behavior [ RunTime:0.000689s ]
INFO: Run ShowRuntime Behavior [ RunTime:0.000875s ]
INFO: [ view_filter ] --END-- [ RunTime:0.003321s ]
INFO: [ view_end ] --START--
INFO: Run ShowPageTrace Behavior [ RunTime:0.001052s ]
INFO: [ view_end ] --END-- [ RunTime:0.001103s ]

[ 2013-05-23T13:41:23+08:00 ] 127.0.0.1 /index.php/admin/ProductType/getlist1
INFO: [ route_check ] --START--
INFO: Run CheckRoute Behavior [ RunTime:0.001304s ]
INFO: [ route_check ] --END-- [ RunTime:0.001392s ]
INFO: [ app_begin ] --START--
INFO: Run ReadHtmlCache Behavior [ RunTime:0.000994s ]
INFO: [ app_begin ] --END-- [ RunTime:0.001049s ]
SQL: SHOW COLUMNS FROM `shop_producttype` [ RunTime:0.002207s ]
SQL: SELECT * FROM `shop_producttype`  [ RunTime:0.000674s ]
NOTIC: [8] Undefined variable: res E:\www\MyTmall\Lib\Action\Admin\ProductTypeAction.class.php 第 68 行.
SQL: SELECT * FROM `shop_producttype` WHERE ( `Id` = null ) LIMIT 1   [ RunTime:0.000172s ]

[ 2013-05-23T13:41:26+08:00 ] 127.0.0.1 /index.php/admin/ProductTypeAttr/getAttrList?ProductTypeId=75
INFO: [ route_check ] --START--
INFO: Run CheckRoute Behavior [ RunTime:0.000833s ]
INFO: [ route_check ] --END-- [ RunTime:0.000925s ]
INFO: [ app_begin ] --START--
INFO: Run ReadHtmlCache Behavior [ RunTime:0.000539s ]
INFO: [ app_begin ] --END-- [ RunTime:0.000594s ]
SQL: SHOW COLUMNS FROM `shop_attrvalue` [ RunTime:0.002415s ]
SQL: SELECT `Id`,`Name` FROM `shop_attrvalue` WHERE ( `ProductTypeId` = 75 )  [ RunTime:0.000574s ]

[ 2013-05-23T13:41:28+08:00 ] 127.0.0.1 /index.php/admin/ProductTypeAttr/getAttrList?ProductTypeId=72
INFO: [ route_check ] --START--
INFO: Run CheckRoute Behavior [ RunTime:0.000894s ]
INFO: [ route_check ] --END-- [ RunTime:0.000980s ]
INFO: [ app_begin ] --START--
INFO: Run ReadHtmlCache Behavior [ RunTime:0.000593s ]
INFO: [ app_begin ] --END-- [ RunTime:0.000649s ]
SQL: SHOW COLUMNS FROM `shop_attrvalue` [ RunTime:0.002455s ]
SQL: SELECT `Id`,`Name` FROM `shop_attrvalue` WHERE ( `ProductTypeId` = 72 )  [ RunTime:0.000519s ]

[ 2013-05-23T13:41:42+08:00 ] 127.0.0.1 /index.php/admin/Category/addCategory
INFO: [ route_check ] --START--
INFO: Run CheckRoute Behavior [ RunTime:0.000828s ]
INFO: [ route_check ] --END-- [ RunTime:0.000914s ]
INFO: [ app_begin ] --START--
INFO: Run ReadHtmlCache Behavior [ RunTime:0.000525s ]
INFO: [ app_begin ] --END-- [ RunTime:0.000577s ]
SQL: SHOW COLUMNS FROM `shop_category` [ RunTime:0.002588s ]
SQL: SHOW COLUMNS FROM `shop_productattrvalue` [ RunTime:0.002277s ]
SQL: SHOW COLUMNS FROM `shop_attrvalue` [ RunTime:0.002418s ]
SQL: SELECT DISTINCT  `AttrValue` FROM `shop_productattrvalue` WHERE ( `TypeAttrId` IN ('197') )  [ RunTime:0.043624s ]
SQL: SELECT DISTINCT  `AttrValue` FROM `shop_productattrvalue` WHERE ( TypeAttrId=Sunglasses )  [ RunTime:0.000200s ]
ERR: Unknown column 'Sunglasses' in 'where clause'
 [ SQL语句 ] : SELECT DISTINCT  `AttrValue` FROM `shop_productattrvalue` WHERE ( TypeAttrId=Sunglasses ) 
NOTIC: [2] Invalid argument supplied for foreach() E:\www\MyTmall\Lib\Action\Admin\CategoryAction.class.php 第 44 行.

[ 2013-05-23T13:43:30+08:00 ] 127.0.0.1 /index.php/admin/ProductTypeAttr/getAttrList?ProductTypeId=75
INFO: [ route_check ] --START--
INFO: Run CheckRoute Behavior [ RunTime:0.001292s ]
INFO: [ route_check ] --END-- [ RunTime:0.001391s ]
INFO: [ app_begin ] --START--
INFO: Run ReadHtmlCache Behavior [ RunTime:0.000998s ]
INFO: [ app_begin ] --END-- [ RunTime:0.001057s ]
SQL: SHOW COLUMNS FROM `shop_attrvalue` [ RunTime:0.002489s ]
SQL: SELECT `Id`,`Name` FROM `shop_attrvalue` WHERE ( `ProductTypeId` = 75 )  [ RunTime:0.000524s ]

[ 2013-05-23T13:43:42+08:00 ] 127.0.0.1 /index.php/admin/Category/addCategory
INFO: [ route_check ] --START--
INFO: Run CheckRoute Behavior [ RunTime:0.000809s ]
INFO: [ route_check ] --END-- [ RunTime:0.000895s ]
INFO: [ app_begin ] --START--
INFO: Run ReadHtmlCache Behavior [ RunTime:0.000541s ]
INFO: [ app_begin ] --END-- [ RunTime:0.000597s ]
SQL: SHOW COLUMNS FROM `shop_category` [ RunTime:0.002438s ]
SQL: SHOW COLUMNS FROM `shop_productattrvalue` [ RunTime:0.002277s ]
SQL: SHOW COLUMNS FROM `shop_attrvalue` [ RunTime:0.002746s ]
SQL: SELECT DISTINCT  `AttrValue` FROM `shop_productattrvalue` WHERE ( `TypeAttrId` IN ('223') )  [ RunTime:0.020523s ]
NOTIC: [2] Invalid argument supplied for foreach() E:\www\MyTmall\Lib\Action\Admin\CategoryAction.class.php 第 42 行.

[ 2013-05-23T13:43:52+08:00 ] 127.0.0.1 /index.php/admin/Category/addCategory
INFO: [ route_check ] --START--
INFO: Run CheckRoute Behavior [ RunTime:0.000824s ]
INFO: [ route_check ] --END-- [ RunTime:0.000910s ]
INFO: [ app_begin ] --START--
INFO: Run ReadHtmlCache Behavior [ RunTime:0.000531s ]
INFO: [ app_begin ] --END-- [ RunTime:0.000581s ]
SQL: SHOW COLUMNS FROM `shop_category` [ RunTime:0.002540s ]
SQL: SHOW COLUMNS FROM `shop_productattrvalue` [ RunTime:0.002249s ]
SQL: SHOW COLUMNS FROM `shop_attrvalue` [ RunTime:0.002384s ]
SQL: SELECT DISTINCT  `AttrValue` FROM `shop_productattrvalue` WHERE ( `TypeAttrId` IN ('224') )  [ RunTime:0.020114s ]
NOTIC: [2] Invalid argument supplied for foreach() E:\www\MyTmall\Lib\Action\Admin\CategoryAction.class.php 第 42 行.

[ 2013-05-23T13:44:22+08:00 ] 127.0.0.1 /index.php/admin/ProductTypeAttr/getAttrList?ProductTypeId=72
INFO: [ route_check ] --START--
INFO: Run CheckRoute Behavior [ RunTime:0.000806s ]
INFO: [ route_check ] --END-- [ RunTime:0.000899s ]
INFO: [ app_begin ] --START--
INFO: Run ReadHtmlCache Behavior [ RunTime:0.000507s ]
INFO: [ app_begin ] --END-- [ RunTime:0.000557s ]
SQL: SHOW COLUMNS FROM `shop_attrvalue` [ RunTime:0.002504s ]
SQL: SELECT `Id`,`Name` FROM `shop_attrvalue` WHERE ( `ProductTypeId` = 72 )  [ RunTime:0.000534s ]

[ 2013-05-23T13:58:08+08:00 ] 127.0.0.1 /index.php/admin/Category/index
INFO: [ route_check ] --START--
INFO: Run CheckRoute Behavior [ RunTime:0.001284s ]
INFO: [ route_check ] --END-- [ RunTime:0.001369s ]
INFO: [ app_begin ] --START--
INFO: Run ReadHtmlCache Behavior [ RunTime:0.000989s ]
INFO: [ app_begin ] --END-- [ RunTime:0.001050s ]
SQL: SHOW COLUMNS FROM `shop_category` [ RunTime:0.002423s ]
SQL: SELECT COUNT(*) AS tp_count FROM `shop_category` LIMIT 1   [ RunTime:0.000657s ]
SQL: SELECT * FROM `shop_category` ORDER BY id desc LIMIT 0,25   [ RunTime:0.000202s ]
INFO: [ view_template ] --START--
INFO: Run LocationTemplate Behavior [ RunTime:0.001646s ]
INFO: [ view_template ] --END-- [ RunTime:0.001706s ]
INFO: [ view_parse ] --START--
INFO: Run ParseTemplate Behavior [ RunTime:0.012414s ]
INFO: [ view_parse ] --END-- [ RunTime:0.012488s ]
INFO: [ view_filter ] --START--
INFO: Run ContentReplace Behavior [ RunTime:0.000891s ]
INFO: Run TokenBuild Behavior [ RunTime:0.000815s ]
INFO: Run WriteHtmlCache Behavior [ RunTime:0.000688s ]
INFO: Run ShowRuntime Behavior [ RunTime:0.000898s ]
INFO: [ view_filter ] --END-- [ RunTime:0.003439s ]
INFO: [ view_end ] --START--
INFO: Run ShowPageTrace Behavior [ RunTime:0.001057s ]
INFO: [ view_end ] --END-- [ RunTime:0.001110s ]

[ 2013-05-23T14:05:11+08:00 ] 127.0.0.1 /index.php/admin/ProductType/getlist1
INFO: [ route_check ] --START--
INFO: Run CheckRoute Behavior [ RunTime:0.001441s ]
INFO: [ route_check ] --END-- [ RunTime:0.001534s ]
INFO: [ app_begin ] --START--
INFO: Run ReadHtmlCache Behavior [ RunTime:0.001049s ]
INFO: [ app_begin ] --END-- [ RunTime:0.001129s ]
SQL: SHOW COLUMNS FROM `shop_producttype` [ RunTime:0.002661s ]
SQL: SELECT * FROM `shop_producttype`  [ RunTime:0.000616s ]
NOTIC: [8] Undefined variable: res E:\www\MyTmall\Lib\Action\Admin\ProductTypeAction.class.php 第 68 行.
SQL: SELECT * FROM `shop_producttype` WHERE ( `Id` = null ) LIMIT 1   [ RunTime:0.000150s ]

[ 2013-05-23T14:05:24+08:00 ] 127.0.0.1 /index.php/admin/ProductTypeAttr/getAttrList?ProductTypeId=72
INFO: [ route_check ] --START--
INFO: Run CheckRoute Behavior [ RunTime:0.000787s ]
INFO: [ route_check ] --END-- [ RunTime:0.000870s ]
INFO: [ app_begin ] --START--
INFO: Run ReadHtmlCache Behavior [ RunTime:0.000500s ]
INFO: [ app_begin ] --END-- [ RunTime:0.000550s ]
SQL: SHOW COLUMNS FROM `shop_attrvalue` [ RunTime:0.002425s ]
SQL: SELECT `Id`,`Name` FROM `shop_attrvalue` WHERE ( `ProductTypeId` = 72 )  [ RunTime:0.000574s ]

[ 2013-05-23T14:05:34+08:00 ] 127.0.0.1 /index.php/admin/Category/addCategory
INFO: [ route_check ] --START--
INFO: Run CheckRoute Behavior [ RunTime:0.000826s ]
INFO: [ route_check ] --END-- [ RunTime:0.000916s ]
INFO: [ app_begin ] --START--
INFO: Run ReadHtmlCache Behavior [ RunTime:0.000527s ]
INFO: [ app_begin ] --END-- [ RunTime:0.000579s ]
SQL: SHOW COLUMNS FROM `shop_category` [ RunTime:0.002441s ]
SQL: SHOW COLUMNS FROM `shop_productattrvalue` [ RunTime:0.002254s ]
SQL: SHOW COLUMNS FROM `shop_attrvalue` [ RunTime:0.002494s ]
SQL: SELECT DISTINCT  `AttrValue` FROM `shop_productattrvalue` WHERE ( `TypeAttrId` IN ('198','197') )  [ RunTime:0.066471s ]
SQL: SELECT DISTINCT  `AttrValue` FROM `shop_productattrvalue` WHERE ( TypeAttrId=Sunglasses )  [ RunTime:0.000210s ]
ERR: Unknown column 'Sunglasses' in 'where clause'
 [ SQL语句 ] : SELECT DISTINCT  `AttrValue` FROM `shop_productattrvalue` WHERE ( TypeAttrId=Sunglasses ) 
NOTIC: [2] Invalid argument supplied for foreach() E:\www\MyTmall\Lib\Action\Admin\CategoryAction.class.php 第 44 行.
SQL: SELECT DISTINCT  `AttrValue` FROM `shop_productattrvalue` WHERE ( TypeAttrId=Mask )  [ RunTime:0.000145s ]
ERR: Unknown column 'Mask' in 'where clause'
 [ SQL语句 ] : SELECT DISTINCT  `AttrValue` FROM `shop_productattrvalue` WHERE ( TypeAttrId=Mask ) 
NOTIC: [2] Invalid argument supplied for foreach() E:\www\MyTmall\Lib\Action\Admin\CategoryAction.class.php 第 44 行.
SQL: SELECT DISTINCT  `AttrValue` FROM `shop_productattrvalue` WHERE ( TypeAttrId=Square )  [ RunTime:0.000132s ]
ERR: Unknown column 'Square' in 'where clause'
 [ SQL语句 ] : SELECT DISTINCT  `AttrValue` FROM `shop_productattrvalue` WHERE ( TypeAttrId=Square ) 
NOTIC: [2] Invalid argument supplied for foreach() E:\www\MyTmall\Lib\Action\Admin\CategoryAction.class.php 第 44 行.
SQL: SELECT DISTINCT  `AttrValue` FROM `shop_productattrvalue` WHERE ( TypeAttrId=Oval )  [ RunTime:0.000144s ]
ERR: Unknown column 'Oval' in 'where clause'
 [ SQL语句 ] : SELECT DISTINCT  `AttrValue` FROM `shop_productattrvalue` WHERE ( TypeAttrId=Oval ) 
NOTIC: [2] Invalid argument supplied for foreach() E:\www\MyTmall\Lib\Action\Admin\CategoryAction.class.php 第 44 行.
SQL: SELECT DISTINCT  `AttrValue` FROM `shop_productattrvalue` WHERE ( TypeAttrId=Oversize )  [ RunTime:0.000126s ]
ERR: Unknown column 'Oversize' in 'where clause'
 [ SQL语句 ] : SELECT DISTINCT  `AttrValue` FROM `shop_productattrvalue` WHERE ( TypeAttrId=Oversize ) 
NOTIC: [2] Invalid argument supplied for foreach() E:\www\MyTmall\Lib\Action\Admin\CategoryAction.class.php 第 44 行.
SQL: SELECT DISTINCT  `AttrValue` FROM `shop_productattrvalue` WHERE ( TypeAttrId=Round )  [ RunTime:0.000128s ]
ERR: Unknown column 'Round' in 'where clause'
 [ SQL语句 ] : SELECT DISTINCT  `AttrValue` FROM `shop_productattrvalue` WHERE ( TypeAttrId=Round ) 
NOTIC: [2] Invalid argument supplied for foreach() E:\www\MyTmall\Lib\Action\Admin\CategoryAction.class.php 第 44 行.
SQL: SELECT DISTINCT  `AttrValue` FROM `shop_productattrvalue` WHERE ( TypeAttrId=Rectangle )  [ RunTime:0.000121s ]
ERR: Unknown column 'Rectangle' in 'where clause'
 [ SQL语句 ] : SELECT DISTINCT  `AttrValue` FROM `shop_productattrvalue` WHERE ( TypeAttrId=Rectangle ) 
NOTIC: [2] Invalid argument supplied for foreach() E:\www\MyTmall\Lib\Action\Admin\CategoryAction.class.php 第 44 行.
SQL: SELECT DISTINCT  `AttrValue` FROM `shop_productattrvalue` WHERE ( TypeAttrId=Aviator )  [ RunTime:0.000120s ]
ERR: Unknown column 'Aviator' in 'where clause'
 [ SQL语句 ] : SELECT DISTINCT  `AttrValue` FROM `shop_productattrvalue` WHERE ( TypeAttrId=Aviator ) 
NOTIC: [2] Invalid argument supplied for foreach() E:\www\MyTmall\Lib\Action\Admin\CategoryAction.class.php 第 44 行.
SQL: SELECT DISTINCT  `AttrValue` FROM `shop_productattrvalue` WHERE ( TypeAttrId=Visor )  [ RunTime:0.000123s ]
ERR: Unknown column 'Visor' in 'where clause'
 [ SQL语句 ] : SELECT DISTINCT  `AttrValue` FROM `shop_productattrvalue` WHERE ( TypeAttrId=Visor ) 
NOTIC: [2] Invalid argument supplied for foreach() E:\www\MyTmall\Lib\Action\Admin\CategoryAction.class.php 第 44 行.
SQL: SELECT DISTINCT  `AttrValue` FROM `shop_productattrvalue` WHERE ( TypeAttrId=Semi-Rimless )  [ RunTime:0.000124s ]
ERR: Unknown column 'Semi' in 'where clause'
 [ SQL语句 ] : SELECT DISTINCT  `AttrValue` FROM `shop_productattrvalue` WHERE ( TypeAttrId=Semi-Rimless ) 
NOTIC: [2] Invalid argument supplied for foreach() E:\www\MyTmall\Lib\Action\Admin\CategoryAction.class.php 第 44 行.
SQL: SELECT DISTINCT  `AttrValue` FROM `shop_productattrvalue` WHERE ( TypeAttrId=Rimless )  [ RunTime:0.000122s ]
ERR: Unknown column 'Rimless' in 'where clause'
 [ SQL语句 ] : SELECT DISTINCT  `AttrValue` FROM `shop_productattrvalue` WHERE ( TypeAttrId=Rimless ) 
NOTIC: [2] Invalid argument supplied for foreach() E:\www\MyTmall\Lib\Action\Admin\CategoryAction.class.php 第 44 行.

[ 2013-05-23T14:12:40+08:00 ] 127.0.0.1 /index.php/admin/Category/addCategory
INFO: [ route_check ] --START--
INFO: Run CheckRoute Behavior [ RunTime:0.001322s ]
INFO: [ route_check ] --END-- [ RunTime:0.001428s ]
INFO: [ app_begin ] --START--
INFO: Run ReadHtmlCache Behavior [ RunTime:0.000995s ]
INFO: [ app_begin ] --END-- [ RunTime:0.001051s ]
SQL: SHOW COLUMNS FROM `shop_category` [ RunTime:0.002543s ]
SQL: SHOW COLUMNS FROM `shop_productattrvalue` [ RunTime:0.002294s ]
SQL: SHOW COLUMNS FROM `shop_attrvalue` [ RunTime:0.002280s ]
SQL: SELECT DISTINCT  `AttrValue` FROM `shop_productattrvalue` WHERE ( `TypeAttrId` IN ('198') )  [ RunTime:0.046183s ]
SQL: SELECT DISTINCT  `AttrValue` FROM `shop_productattrvalue` WHERE ( `TypeAttrId` IN ('197') )  [ RunTime:0.043515s ]
SQL: SELECT DISTINCT  `AttrValue` FROM `shop_productattrvalue` WHERE ( TypeAttrId=Sunglasses )  [ RunTime:0.000185s ]
ERR: Unknown column 'Sunglasses' in 'where clause'
 [ SQL语句 ] : SELECT DISTINCT  `AttrValue` FROM `shop_productattrvalue` WHERE ( TypeAttrId=Sunglasses ) 
NOTIC: [2] Invalid argument supplied for foreach() E:\www\MyTmall\Lib\Action\Admin\CategoryAction.class.php 第 46 行.

[ 2013-05-23T14:13:14+08:00 ] 127.0.0.1 /index.php/admin/Category/addCategory
INFO: [ route_check ] --START--
INFO: Run CheckRoute Behavior [ RunTime:0.000838s ]
INFO: [ route_check ] --END-- [ RunTime:0.000951s ]
INFO: [ app_begin ] --START--
INFO: Run ReadHtmlCache Behavior [ RunTime:0.000531s ]
INFO: [ app_begin ] --END-- [ RunTime:0.000583s ]
SQL: SHOW COLUMNS FROM `shop_category` [ RunTime:0.002448s ]
SQL: SHOW COLUMNS FROM `shop_productattrvalue` [ RunTime:0.002084s ]
SQL: SHOW COLUMNS FROM `shop_attrvalue` [ RunTime:0.002533s ]
SQL: SELECT DISTINCT  `AttrValue` FROM `shop_productattrvalue` WHERE ( `TypeAttrId` IN ('198') )  [ RunTime:0.045946s ]
SQL: SELECT DISTINCT  `AttrValue` FROM `shop_productattrvalue` WHERE ( `TypeAttrId` IN ('197') )  [ RunTime:0.044095s ]
SQL: SELECT DISTINCT  `AttrValue` FROM `shop_productattrvalue` WHERE ( TypeAttrId=Sunglasses )  [ RunTime:0.000227s ]
ERR: Unknown column 'Sunglasses' in 'where clause'
 [ SQL语句 ] : SELECT DISTINCT  `AttrValue` FROM `shop_productattrvalue` WHERE ( TypeAttrId=Sunglasses ) 
NOTIC: [2] Invalid argument supplied for foreach() E:\www\MyTmall\Lib\Action\Admin\CategoryAction.class.php 第 48 行.

[ 2013-05-23T14:14:00+08:00 ] 127.0.0.1 /index.php/admin/Category/addCategory
INFO: [ route_check ] --START--
INFO: Run CheckRoute Behavior [ RunTime:0.000932s ]
INFO: [ route_check ] --END-- [ RunTime:0.001027s ]
INFO: [ app_begin ] --START--
INFO: Run ReadHtmlCache Behavior [ RunTime:0.000566s ]
INFO: [ app_begin ] --END-- [ RunTime:0.000621s ]
SQL: SHOW COLUMNS FROM `shop_category` [ RunTime:0.002479s ]
SQL: SHOW COLUMNS FROM `shop_productattrvalue` [ RunTime:0.002192s ]
SQL: SHOW COLUMNS FROM `shop_attrvalue` [ RunTime:0.002293s ]
SQL: SELECT DISTINCT  `AttrValue` FROM `shop_productattrvalue` WHERE ( `TypeAttrId` IN ('198') )  [ RunTime:0.045382s ]
SQL: SELECT DISTINCT  `AttrValue` FROM `shop_productattrvalue` WHERE ( `TypeAttrId` IN ('197') )  [ RunTime:0.043759s ]
SQL: SELECT DISTINCT  `AttrValue` FROM `shop_productattrvalue` WHERE ( TypeAttrId=Sunglasses )  [ RunTime:0.000200s ]
ERR: Unknown column 'Sunglasses' in 'where clause'
 [ SQL语句 ] : SELECT DISTINCT  `AttrValue` FROM `shop_productattrvalue` WHERE ( TypeAttrId=Sunglasses ) 
NOTIC: [2] Invalid argument supplied for foreach() E:\www\MyTmall\Lib\Action\Admin\CategoryAction.class.php 第 48 行.

[ 2013-05-23T14:14:23+08:00 ] 127.0.0.1 /index.php/admin/Category/addCategory
INFO: [ route_check ] --START--
INFO: Run CheckRoute Behavior [ RunTime:0.000871s ]
INFO: [ route_check ] --END-- [ RunTime:0.000958s ]
INFO: [ app_begin ] --START--
INFO: Run ReadHtmlCache Behavior [ RunTime:0.000525s ]
INFO: [ app_begin ] --END-- [ RunTime:0.000577s ]
SQL: SHOW COLUMNS FROM `shop_category` [ RunTime:0.002365s ]
SQL: SHOW COLUMNS FROM `shop_productattrvalue` [ RunTime:0.002070s ]
SQL: SHOW COLUMNS FROM `shop_attrvalue` [ RunTime:0.002308s ]
SQL: SELECT DISTINCT  `AttrValue` FROM `shop_productattrvalue` WHERE ( `TypeAttrId` IN ('198') )  [ RunTime:0.043951s ]
SQL: SELECT DISTINCT  `AttrValue` FROM `shop_productattrvalue` WHERE ( `TypeAttrId` IN ('197') )  [ RunTime:0.041961s ]
SQL: SELECT DISTINCT  `AttrValue` FROM `shop_productattrvalue` WHERE ( TypeAttrId=Sunglasses )  [ RunTime:0.000171s ]
ERR: Unknown column 'Sunglasses' in 'where clause'
 [ SQL语句 ] : SELECT DISTINCT  `AttrValue` FROM `shop_productattrvalue` WHERE ( TypeAttrId=Sunglasses ) 
NOTIC: [2] Invalid argument supplied for foreach() E:\www\MyTmall\Lib\Action\Admin\CategoryAction.class.php 第 48 行.

[ 2013-05-23T14:17:10+08:00 ] 127.0.0.1 /index.php/admin/Category/addCategory
INFO: [ route_check ] --START--
INFO: Run CheckRoute Behavior [ RunTime:0.001322s ]
INFO: [ route_check ] --END-- [ RunTime:0.001422s ]
INFO: [ app_begin ] --START--
INFO: Run ReadHtmlCache Behavior [ RunTime:0.000985s ]
INFO: [ app_begin ] --END-- [ RunTime:0.001040s ]
SQL: SHOW COLUMNS FROM `shop_category` [ RunTime:0.002742s ]
SQL: SHOW COLUMNS FROM `shop_productattrvalue` [ RunTime:0.002404s ]
SQL: SHOW COLUMNS FROM `shop_attrvalue` [ RunTime:0.002563s ]
SQL: SELECT DISTINCT  `AttrValue` FROM `shop_productattrvalue` WHERE ( `TypeAttrId` IN ('198') )  [ RunTime:0.044543s ]
SQL: SELECT DISTINCT  `AttrValue` FROM `shop_productattrvalue` WHERE ( `TypeAttrId` IN ('197') )  [ RunTime:0.043011s ]
SQL: SELECT DISTINCT  `AttrValue` FROM `shop_productattrvalue` WHERE ( TypeAttrId=Sunglasses )  [ RunTime:0.000177s ]
ERR: Unknown column 'Sunglasses' in 'where clause'
 [ SQL语句 ] : SELECT DISTINCT  `AttrValue` FROM `shop_productattrvalue` WHERE ( TypeAttrId=Sunglasses ) 
NOTIC: [2] Invalid argument supplied for foreach() E:\www\MyTmall\Lib\Action\Admin\CategoryAction.class.php 第 49 行.

